Loaded pretrained weights for efficientnet-b4
resume model from /data1/chenjin/LTW/result/output_c23_GCD_ablation/c23_efficientnet-b4_224_0.01_1_train_1_EPOCH/efficientnet-b4_pnet_lastepoch.pth
resume model from /data1/chenjin/LTW/result/output_c23_GCD_ablation/c23_efficientnet-b4_224_0.01_1_train_1_EPOCH/efficientnet-b4_lastepoch.pth
train dataset is:FaceSwap,Deepfakes,meta dataset is:Face2Face
backward took 17.149976015090942 seconds
Mon Aug 28 10:19:45 2023 || Epoch:0 || Iter:0/757 || Loss:0.9208(0.9208) || Accuracy:0.7368(0.7368) || MetaAccuracy:0.5789(0.5789) || MetaLoss:1.1897(1.1897)
Mon Aug 28 10:48:22 2023 || Epoch:0 || Iter:100/757 || Loss:0.2183(0.3502) || Accuracy:0.9474(0.9239) || MetaAccuracy:0.6053(0.6217) || MetaLoss:1.1162(1.2789)
Mon Aug 28 11:17:03 2023 || Epoch:0 || Iter:200/757 || Loss:0.4475(0.3196) || Accuracy:0.8421(0.9245) || MetaAccuracy:0.6053(0.6024) || MetaLoss:0.9505(1.2720)
Mon Aug 28 11:45:39 2023 || Epoch:0 || Iter:300/757 || Loss:0.2694(0.2819) || Accuracy:0.9474(0.9339) || MetaAccuracy:0.6842(0.6068) || MetaLoss:1.2513(1.3731)
Mon Aug 28 12:14:18 2023 || Epoch:0 || Iter:400/757 || Loss:0.4696(0.2584) || Accuracy:0.8947(0.9395) || MetaAccuracy:0.6579(0.6157) || MetaLoss:1.1149(1.3787)
Mon Aug 28 12:42:35 2023 || Epoch:0 || Iter:500/757 || Loss:0.0447(0.2353) || Accuracy:1.0000(0.9452) || MetaAccuracy:0.6579(0.6217) || MetaLoss:0.7445(1.3528)
Mon Aug 28 13:10:31 2023 || Epoch:0 || Iter:600/757 || Loss:0.1788(0.2316) || Accuracy:0.9474(0.9458) || MetaAccuracy:0.7368(0.6284) || MetaLoss:1.3414(1.3560)
Mon Aug 28 13:38:48 2023 || Epoch:0 || Iter:700/757 || Loss:0.2302(0.2241) || Accuracy:0.9737(0.9475) || MetaAccuracy:0.6842(0.6379) || MetaLoss:0.7398(1.3221)
df acc:0.96972,loss:0.110,auc:0.992,eer:0.032
f2f acc:0.584,loss:1.527,auc:0.780,eer:0.290
fs acc:0.951,loss:0.163,auc:0.984,eer:0.049
nt acc:0.597,loss:1.721,auc:0.723,eer:0.346
avg acc:0.775,loss:0.881,auc:0.870,eer:0.179
celedf acc:0.623,loss:1.760,auc:0.584,eer:0.431
dfdc acc:0.557,loss:2.379,auc:0.688,eer:0.361
all_avg acc:0.714,loss:1.277,auc:0.792,eer:0.251
best_avg_acc:0.77541 (updated) best_avg_loss:0.88054 (updated)
best_celedf_acc:0.62345 (updated) best_celedf_loss:1.76047 (updated)
best_dfdc_acc:0.55702 (updated) best_dfdc_loss:2.37917 (updated)

train dataset is:NeuralTextures,Deepfakes,meta dataset is:FaceSwap
meta lr = 0.001
Mon Aug 28 14:12:27 2023 || Epoch:1 || Iter:0/757 || Loss:1.2896(1.2896) || Accuracy:0.7368(0.7368) || MetaAccuracy:0.9211(0.9211) || MetaLoss:0.1307(0.1307)
Mon Aug 28 14:41:01 2023 || Epoch:1 || Iter:100/757 || Loss:0.8802(0.9026) || Accuracy:0.6842(0.7613) || MetaAccuracy:0.6316(0.7840) || MetaLoss:0.8608(0.5755)
Mon Aug 28 15:09:33 2023 || Epoch:1 || Iter:200/757 || Loss:0.4917(0.7417) || Accuracy:0.8684(0.7968) || MetaAccuracy:0.4737(0.6730) || MetaLoss:1.6501(0.8535)
Mon Aug 28 15:38:02 2023 || Epoch:1 || Iter:300/757 || Loss:0.6289(0.6814) || Accuracy:0.8684(0.8188) || MetaAccuracy:0.5789(0.6292) || MetaLoss:1.2554(1.0963)
Mon Aug 28 16:06:39 2023 || Epoch:1 || Iter:400/757 || Loss:0.3215(0.6301) || Accuracy:0.8947(0.8325) || MetaAccuracy:0.6053(0.6223) || MetaLoss:1.0099(1.1253)
Mon Aug 28 16:35:13 2023 || Epoch:1 || Iter:500/757 || Loss:0.1385(0.5950) || Accuracy:0.9211(0.8415) || MetaAccuracy:0.7105(0.6261) || MetaLoss:1.1527(1.1355)
Mon Aug 28 17:03:54 2023 || Epoch:1 || Iter:600/757 || Loss:0.4944(0.5911) || Accuracy:0.8158(0.8435) || MetaAccuracy:0.5789(0.6261) || MetaLoss:1.2146(1.1526)
Mon Aug 28 17:32:43 2023 || Epoch:1 || Iter:700/757 || Loss:0.4965(0.6145) || Accuracy:0.7895(0.8355) || MetaAccuracy:0.3421(0.6077) || MetaLoss:1.2983(1.1831)
df acc:0.83670,loss:0.428,auc:0.967,eer:0.091
f2f acc:0.642,loss:0.880,auc:0.698,eer:0.353
fs acc:0.536,loss:1.315,auc:0.561,eer:0.458
nt acc:0.796,loss:0.524,auc:0.893,eer:0.184
avg acc:0.703,loss:0.787,auc:0.780,eer:0.271
celedf acc:0.493,loss:1.366,auc:0.544,eer:0.476
dfdc acc:0.613,loss:1.012,auc:0.654,eer:0.391
all_avg acc:0.653,loss:0.921,auc:0.719,eer:0.325
best_avg_acc:0.77541 
best_avg_loss:0.78677 (updated)
best_celedf_acc:0.62345 
best_celedf_loss:1.36591 (updated)
best_dfdc_acc:0.61310 (updated) best_dfdc_loss:1.01246 (updated)

train dataset is:Face2Face,FaceSwap,meta dataset is:NeuralTextures
meta lr = 0.001
Mon Aug 28 18:24:06 2023 || Epoch:2 || Iter:0/757 || Loss:1.5531(1.5531) || Accuracy:0.5789(0.5789) || MetaAccuracy:0.8684(0.8684) || MetaLoss:0.2600(0.2600)
Mon Aug 28 18:52:14 2023 || Epoch:2 || Iter:100/757 || Loss:0.7368(0.9566) || Accuracy:0.8158(0.7215) || MetaAccuracy:0.8421(0.7710) || MetaLoss:0.4724(0.4924)
Mon Aug 28 19:21:13 2023 || Epoch:2 || Iter:200/757 || Loss:0.4469(0.7688) || Accuracy:0.8684(0.7794) || MetaAccuracy:0.5263(0.7103) || MetaLoss:1.6037(0.6440)
Mon Aug 28 19:50:07 2023 || Epoch:2 || Iter:300/757 || Loss:0.2549(0.6328) || Accuracy:0.9474(0.8225) || MetaAccuracy:0.5263(0.6874) || MetaLoss:1.6162(0.8044)
Mon Aug 28 20:19:12 2023 || Epoch:2 || Iter:400/757 || Loss:0.3026(0.5767) || Accuracy:0.8947(0.8410) || MetaAccuracy:0.3947(0.6527) || MetaLoss:1.9987(1.0175)
Mon Aug 28 20:48:07 2023 || Epoch:2 || Iter:500/757 || Loss:0.0901(0.5443) || Accuracy:1.0000(0.8488) || MetaAccuracy:0.6316(0.6314) || MetaLoss:1.5603(1.1789)
Mon Aug 28 21:16:59 2023 || Epoch:2 || Iter:600/757 || Loss:0.4210(0.5062) || Accuracy:0.9474(0.8606) || MetaAccuracy:0.5263(0.6191) || MetaLoss:1.7687(1.2908)
Mon Aug 28 21:45:40 2023 || Epoch:2 || Iter:700/757 || Loss:0.4733(0.4768) || Accuracy:0.8684(0.8704) || MetaAccuracy:0.6316(0.6160) || MetaLoss:1.0746(1.3555)
df acc:0.67664,loss:1.325,auc:0.725,eer:0.336
f2f acc:0.765,loss:1.119,auc:0.930,eer:0.145
fs acc:0.776,loss:1.081,auc:0.987,eer:0.049
nt acc:0.456,loss:2.060,auc:0.462,eer:0.536
avg acc:0.669,loss:1.396,auc:0.776,eer:0.267
celedf acc:0.626,loss:1.700,auc:0.498,eer:0.500
dfdc acc:0.504,loss:2.246,auc:0.550,eer:0.465
all_avg acc:0.634,loss:1.589,auc:0.692,eer:0.339
best_avg_acc:0.77541 
best_avg_loss:0.78677 
best_celedf_acc:0.62597 (updated) best_celedf_loss:1.36591 
best_dfdc_acc:0.61310 
best_dfdc_loss:1.01246 

train dataset is:NeuralTextures,Deepfakes,meta dataset is:FaceSwap
meta lr = 0.001
Mon Aug 28 22:24:31 2023 || Epoch:3 || Iter:0/757 || Loss:3.6018(3.6018) || Accuracy:0.4211(0.4211) || MetaAccuracy:1.0000(1.0000) || MetaLoss:0.0382(0.0382)
Mon Aug 28 22:53:12 2023 || Epoch:3 || Iter:100/757 || Loss:0.6116(0.9499) || Accuracy:0.8684(0.7848) || MetaAccuracy:0.4474(0.8046) || MetaLoss:1.8061(0.5228)
Mon Aug 28 23:21:53 2023 || Epoch:3 || Iter:200/757 || Loss:1.0193(0.7384) || Accuracy:0.7105(0.8166) || MetaAccuracy:0.4737(0.6510) || MetaLoss:1.5331(1.1099)
Mon Aug 28 23:50:33 2023 || Epoch:3 || Iter:300/757 || Loss:0.2367(0.6513) || Accuracy:0.9737(0.8350) || MetaAccuracy:0.3947(0.5854) || MetaLoss:2.0120(1.3206)
Tue Aug 29 00:19:22 2023 || Epoch:3 || Iter:400/757 || Loss:0.6244(0.5741) || Accuracy:0.8947(0.8539) || MetaAccuracy:0.5000(0.5701) || MetaLoss:1.3798(1.3293)
Tue Aug 29 00:48:23 2023 || Epoch:3 || Iter:500/757 || Loss:0.2812(0.5640) || Accuracy:0.9211(0.8572) || MetaAccuracy:0.5789(0.5669) || MetaLoss:3.5537(1.3711)
backward took 15.982948780059814 seconds
backward took 15.999831914901733 seconds
backward took 16.590678691864014 seconds
backward took 17.45199227333069 seconds
backward took 17.131734371185303 seconds
backward took 16.489304304122925 seconds
backward took 16.716222524642944 seconds
backward took 17.20386815071106 seconds
backward took 16.675031423568726 seconds
backward took 16.006370306015015 seconds
backward took 16.38199496269226 seconds
backward took 16.991142749786377 seconds
backward took 17.401951789855957 seconds
backward took 16.07390022277832 seconds
backward took 16.317723274230957 seconds
backward took 16.488539218902588 seconds
backward took 16.500651359558105 seconds
backward took 16.61086916923523 seconds
backward took 16.57273817062378 seconds
backward took 16.233898639678955 seconds
backward took 16.06264901161194 seconds
backward took 15.973188877105713 seconds
backward took 16.254485845565796 seconds
backward took 16.020530939102173 seconds
backward took 19.321879386901855 seconds
backward took 16.698034524917603 seconds
backward took 16.565029859542847 seconds
backward took 17.32018780708313 seconds
backward took 16.307857751846313 seconds
backward took 16.362855195999146 seconds
backward took 16.4154155254364 seconds
backward took 16.505541563034058 seconds
backward took 16.488211631774902 seconds
backward took 16.330032110214233 seconds
backward took 16.58190631866455 seconds
backward took 16.576730251312256 seconds
backward took 16.582867860794067 seconds
backward took 16.401581525802612 seconds
backward took 15.962230920791626 seconds
backward took 16.03221082687378 seconds
backward took 15.91101336479187 seconds
backward took 15.89115858078003 seconds
backward took 15.956499338150024 seconds
backward took 17.126397132873535 seconds
backward took 16.33861517906189 seconds
backward took 16.963502407073975 seconds
backward took 16.467042922973633 seconds
backward took 16.587499380111694 seconds
backward took 16.272852659225464 seconds
backward took 16.357086181640625 seconds
backward took 16.472151517868042 seconds
backward took 16.44817590713501 seconds
backward took 16.46683382987976 seconds
backward took 16.707748889923096 seconds
backward took 16.642592906951904 seconds
backward took 16.5174081325531 seconds
backward took 16.266611576080322 seconds
backward took 15.87766695022583 seconds
backward took 15.915174722671509 seconds
backward took 15.959654331207275 seconds
backward took 15.918848991394043 seconds
backward took 16.259790897369385 seconds
backward took 17.095322132110596 seconds
backward took 16.855647802352905 seconds
backward took 16.578818559646606 seconds
backward took 16.36123251914978 seconds
backward took 16.595722675323486 seconds
backward took 16.382800102233887 seconds
backward took 16.51094126701355 seconds
backward took 16.393025398254395 seconds
backward took 16.300846576690674 seconds
backward took 16.640103340148926 seconds
backward took 16.27279782295227 seconds
backward took 16.505605936050415 seconds
backward took 16.15064525604248 seconds
backward took 15.898393869400024 seconds
backward took 15.926714420318604 seconds
backward took 15.928945541381836 seconds
backward took 15.913435697555542 seconds
backward took 16.27322030067444 seconds
backward took 16.766402006149292 seconds
backward took 17.129015922546387 seconds
backward took 16.50300097465515 seconds
backward took 17.13171076774597 seconds
backward took 16.62476420402527 seconds
backward took 16.21971845626831 seconds
backward took 16.37564969062805 seconds
backward took 17.146331071853638 seconds
backward took 16.687902688980103 seconds
backward took 16.451382875442505 seconds
backward took 17.063637495040894 seconds
backward took 16.752376079559326 seconds
backward took 16.479970455169678 seconds
backward took 16.75881004333496 seconds
backward took 16.365373849868774 seconds
backward took 15.895228862762451 seconds
backward took 15.910912990570068 seconds
backward took 15.954416513442993 seconds
backward took 15.965041399002075 seconds
backward took 15.997238636016846 seconds
Tue Aug 29 01:17:21 2023 || Epoch:3 || Iter:600/757 || Loss:0.3295(0.5315) || Accuracy:0.8947(0.8644) || MetaAccuracy:0.6053(0.5749) || MetaLoss:1.3985(1.3217)
backward took 16.29142117500305 seconds
backward took 16.663527965545654 seconds
backward took 17.178222179412842 seconds
backward took 16.525859355926514 seconds
backward took 16.29123878479004 seconds
backward took 16.515247583389282 seconds
backward took 16.317878484725952 seconds
backward took 16.626088619232178 seconds
backward took 16.999523162841797 seconds
backward took 16.12611436843872 seconds
backward took 16.690916061401367 seconds
backward took 16.73219108581543 seconds
backward took 16.156649112701416 seconds
backward took 16.421018600463867 seconds
backward took 16.466826677322388 seconds
backward took 16.506946802139282 seconds
backward took 15.92555046081543 seconds
backward took 15.939695358276367 seconds
backward took 15.953132629394531 seconds
backward took 15.925618648529053 seconds
backward took 16.201595544815063 seconds
backward took 16.531381368637085 seconds
backward took 16.498745679855347 seconds
backward took 16.199086666107178 seconds
backward took 16.353543758392334 seconds
backward took 16.409753561019897 seconds
backward took 16.426163911819458 seconds
backward took 16.41255259513855 seconds
backward took 16.374876260757446 seconds
backward took 16.420841693878174 seconds
backward took 16.23049545288086 seconds
backward took 16.406012773513794 seconds
backward took 16.565834283828735 seconds
backward took 16.016966819763184 seconds
backward took 15.97934103012085 seconds
backward took 15.943365812301636 seconds
backward took 15.974156856536865 seconds
backward took 16.314315795898438 seconds
backward took 16.711251974105835 seconds
backward took 16.28019905090332 seconds
backward took 16.155800580978394 seconds
backward took 16.283063888549805 seconds
backward took 16.35037136077881 seconds
backward took 16.419435024261475 seconds
backward took 16.368306398391724 seconds
backward took 16.344382286071777 seconds
backward took 16.424737691879272 seconds
backward took 16.448893785476685 seconds
backward took 16.36159873008728 seconds
backward took 16.29815411567688 seconds
backward took 16.25617790222168 seconds
backward took 15.92473840713501 seconds
backward took 15.9480721950531 seconds
backward took 15.953815698623657 seconds
backward took 16.03285789489746 seconds
backward took 15.978599786758423 seconds
backward took 15.983676433563232 seconds
backward took 15.911271810531616 seconds
backward took 15.942422866821289 seconds
backward took 15.920514583587646 seconds
backward took 16.033690690994263 seconds
backward took 15.940646886825562 seconds
backward took 15.933854579925537 seconds
backward took 16.021734714508057 seconds
backward took 15.966042041778564 seconds
backward took 16.025671243667603 seconds
backward took 15.950626134872437 seconds
backward took 15.950420379638672 seconds
backward took 15.97683048248291 seconds
backward took 16.010679960250854 seconds
backward took 15.975086450576782 seconds
backward took 15.94487190246582 seconds
backward took 15.945608377456665 seconds
backward took 15.944520711898804 seconds
backward took 15.901567459106445 seconds
backward took 15.952053308486938 seconds
backward took 15.950374603271484 seconds
backward took 15.931289196014404 seconds
backward took 15.925759315490723 seconds
backward took 15.930315971374512 seconds
backward took 15.922603368759155 seconds
backward took 16.00265598297119 seconds
backward took 15.897779703140259 seconds
backward took 15.93628716468811 seconds
backward took 15.93545126914978 seconds
backward took 15.939964771270752 seconds
backward took 15.899245977401733 seconds
backward took 15.94151496887207 seconds
backward took 15.923836946487427 seconds
backward took 15.961252450942993 seconds
backward took 15.955498218536377 seconds
backward took 15.95072317123413 seconds
backward took 15.916715383529663 seconds
backward took 15.911187887191772 seconds
backward took 15.909171342849731 seconds
backward took 15.920489311218262 seconds
backward took 16.08407163619995 seconds
backward took 15.989964962005615 seconds
backward took 15.969592809677124 seconds
backward took 16.379962682724 seconds
Tue Aug 29 01:45:41 2023 || Epoch:3 || Iter:700/757 || Loss:0.2767(0.5044) || Accuracy:0.9211(0.8713) || MetaAccuracy:0.7105(0.5813) || MetaLoss:1.0590(1.2954)
backward took 15.977011680603027 seconds
backward took 15.913618803024292 seconds
backward took 15.9340181350708 seconds
backward took 15.954857349395752 seconds
backward took 16.00211000442505 seconds
backward took 15.941600322723389 seconds
backward took 15.962160110473633 seconds
backward took 15.9587082862854 seconds
backward took 15.9382483959198 seconds
backward took 15.973726511001587 seconds
backward took 15.911102771759033 seconds
backward took 15.916640996932983 seconds
backward took 16.000144958496094 seconds
backward took 15.93961215019226 seconds
backward took 15.957597017288208 seconds
backward took 15.972445726394653 seconds
backward took 15.943909168243408 seconds
backward took 15.959776878356934 seconds
backward took 15.96965765953064 seconds
backward took 15.946903705596924 seconds
backward took 15.912023305892944 seconds
backward took 15.940482378005981 seconds
backward took 15.952997922897339 seconds
backward took 15.93793535232544 seconds
backward took 15.926644325256348 seconds
backward took 16.03054976463318 seconds
backward took 15.93171215057373 seconds
backward took 15.952086925506592 seconds
backward took 15.951830387115479 seconds
backward took 15.936030149459839 seconds
backward took 16.056881189346313 seconds
backward took 15.938121795654297 seconds
backward took 15.952210664749146 seconds
backward took 16.014748334884644 seconds
backward took 16.021249771118164 seconds
backward took 15.983792066574097 seconds
backward took 15.998140811920166 seconds
backward took 15.939690828323364 seconds
backward took 15.969719886779785 seconds
backward took 15.988845825195312 seconds
backward took 15.89211893081665 seconds
backward took 15.941612958908081 seconds
backward took 15.956698656082153 seconds
backward took 15.95994782447815 seconds
backward took 15.983378171920776 seconds
backward took 15.933167934417725 seconds
backward took 15.95977783203125 seconds
backward took 15.927384614944458 seconds
backward took 15.942722082138062 seconds
backward took 15.899495124816895 seconds
backward took 16.001127243041992 seconds
backward took 16.01615571975708 seconds
backward took 15.99347448348999 seconds
backward took 16.0730140209198 seconds
backward took 16.016615629196167 seconds
backward took 16.132314443588257 seconds
backward took 14.618040800094604 seconds
84 th acces is not appended.
73 th acces is not appended.
73 th acces is not appended.
73 th acces is not appended.
73 th acces is not appended.
136 th acces is not appended.
df acc:0.91312,loss:0.234,auc:0.987,eer:0.058
f2f acc:0.711,loss:0.699,auc:0.825,eer:0.252
fs acc:0.534,loss:1.461,auc:0.609,eer:0.421
nt acc:0.873,loss:0.343,auc:0.949,eer:0.120
avg acc:0.758,loss:0.684,auc:0.842,eer:0.213
celedf acc:0.527,loss:1.303,auc:0.566,eer:0.454
dfdc acc:0.647,loss:0.847,auc:0.704,eer:0.349
all_avg acc:0.701,loss:0.815,auc:0.773,eer:0.276
best_avg_acc:0.77541 
best_avg_loss:0.68433 (updated)
best_celedf_acc:0.62597 
best_celedf_loss:1.30300 (updated)
best_dfdc_acc:0.64724 (updated) best_dfdc_loss:0.84729 (updated)
train dataset is:FaceSwap,Deepfakes,meta dataset is:NeuralTextures
meta lr = 0.001
backward took 15.966061115264893 seconds
Tue Aug 29 02:20:06 2023 || Epoch:4 || Iter:0/757 || Loss:1.7251(1.7251) || Accuracy:0.6842(0.6842) || MetaAccuracy:0.8158(0.8158) || MetaLoss:0.6581(0.6581)
backward took 15.933765649795532 seconds
backward took 15.938942909240723 seconds
backward took 15.911645412445068 seconds
backward took 15.933175086975098 seconds
backward took 15.953295946121216 seconds
backward took 15.949902296066284 seconds
backward took 16.005605220794678 seconds
backward took 15.962006568908691 seconds
backward took 15.955294370651245 seconds
backward took 15.924395084381104 seconds
backward took 15.962678909301758 seconds
backward took 15.980318784713745 seconds
backward took 16.154155254364014 seconds
backward took 15.928548336029053 seconds
backward took 16.014461278915405 seconds
backward took 15.9775550365448 seconds
backward took 15.984884977340698 seconds
backward took 15.930733919143677 seconds
backward took 16.31478238105774 seconds
backward took 15.92484736442566 seconds
backward took 15.939162492752075 seconds
backward took 15.968129396438599 seconds
backward took 15.990892887115479 seconds
backward took 15.915837526321411 seconds
backward took 15.920106172561646 seconds
backward took 16.062761545181274 seconds
backward took 15.976613998413086 seconds
backward took 15.930821895599365 seconds
backward took 15.95762300491333 seconds
backward took 15.998865842819214 seconds
backward took 15.9697847366333 seconds
backward took 15.985903024673462 seconds
backward took 15.98822546005249 seconds
backward took 15.913179159164429 seconds
backward took 15.968737363815308 seconds
backward took 15.90364933013916 seconds
backward took 15.967453956604004 seconds
backward took 15.982985019683838 seconds
backward took 15.958073616027832 seconds
backward took 15.965087652206421 seconds
backward took 15.96225881576538 seconds
backward took 15.93898320198059 seconds
backward took 15.939993381500244 seconds
backward took 15.912737846374512 seconds
backward took 15.933079242706299 seconds
backward took 16.02298140525818 seconds
backward took 15.965038061141968 seconds
backward took 15.907527923583984 seconds
backward took 15.993075370788574 seconds
backward took 16.03065586090088 seconds
backward took 15.985648155212402 seconds
backward took 16.43926191329956 seconds
backward took 16.402437686920166 seconds
backward took 16.29874014854431 seconds
backward took 16.326459884643555 seconds
backward took 16.541937351226807 seconds
backward took 16.22585940361023 seconds
backward took 16.26169204711914 seconds
backward took 16.36281180381775 seconds
backward took 16.274868488311768 seconds
backward took 16.364897966384888 seconds
backward took 16.689226627349854 seconds
backward took 16.232580423355103 seconds
backward took 16.571977138519287 seconds
backward took 16.540348291397095 seconds
backward took 15.939996480941772 seconds
backward took 16.001463651657104 seconds
backward took 15.93096137046814 seconds
backward took 15.970890760421753 seconds
backward took 16.420228958129883 seconds
backward took 16.377720832824707 seconds
backward took 16.29987907409668 seconds
backward took 16.267619371414185 seconds
backward took 16.44653820991516 seconds
backward took 16.745123147964478 seconds
backward took 16.869600534439087 seconds
backward took 16.395825147628784 seconds
backward took 16.595702648162842 seconds
backward took 16.701730728149414 seconds
backward took 16.431265830993652 seconds
backward took 16.62513494491577 seconds
backward took 16.53682589530945 seconds
backward took 16.051339387893677 seconds
backward took 15.946362972259521 seconds
backward took 15.996940851211548 seconds
backward took 15.927148580551147 seconds
backward took 16.054585218429565 seconds
backward took 16.37986660003662 seconds
backward took 16.871762990951538 seconds
backward took 16.314725875854492 seconds
backward took 16.773558378219604 seconds
backward took 16.539554357528687 seconds
backward took 16.39076519012451 seconds
backward took 16.582102298736572 seconds
backward took 16.510252952575684 seconds
backward took 16.469161987304688 seconds
backward took 16.701589345932007 seconds
backward took 16.358208656311035 seconds
backward took 16.541738986968994 seconds
backward took 16.187730312347412 seconds
Tue Aug 29 02:48:27 2023 || Epoch:4 || Iter:100/757 || Loss:0.2295(0.6639) || Accuracy:0.9737(0.8312) || MetaAccuracy:0.6579(0.8241) || MetaLoss:0.6455(0.3947)
backward took 16.134680032730103 seconds
backward took 16.007959604263306 seconds
backward took 15.933515787124634 seconds
backward took 15.976268529891968 seconds
backward took 16.394497871398926 seconds
backward took 16.420666933059692 seconds
backward took 16.350236892700195 seconds
backward took 16.303801774978638 seconds
backward took 16.3406879901886 seconds
backward took 16.42522358894348 seconds
backward took 16.378787994384766 seconds
backward took 16.67861533164978 seconds
backward took 16.36488652229309 seconds
backward took 16.588621139526367 seconds
backward took 16.28105068206787 seconds
backward took 16.529293060302734 seconds
backward took 16.644547939300537 seconds
backward took 16.176563262939453 seconds
backward took 15.937422037124634 seconds
backward took 15.968811988830566 seconds
backward took 15.903977155685425 seconds
backward took 15.966039419174194 seconds
backward took 16.2595112323761 seconds
backward took 16.394253253936768 seconds
backward took 16.790075540542603 seconds
backward took 16.54183006286621 seconds
backward took 16.58383274078369 seconds
backward took 16.27873730659485 seconds
backward took 16.23232650756836 seconds
backward took 16.406975269317627 seconds
backward took 16.39059805870056 seconds
backward took 16.46639394760132 seconds
backward took 16.548099994659424 seconds
backward took 16.609989404678345 seconds
backward took 16.668946027755737 seconds
backward took 16.01289987564087 seconds
backward took 15.926200151443481 seconds
backward took 15.966345071792603 seconds
backward took 15.924945831298828 seconds
backward took 16.06508994102478 seconds
backward took 16.683840036392212 seconds
backward took 16.378589391708374 seconds
backward took 16.491080284118652 seconds
backward took 16.325376272201538 seconds
backward took 16.512234687805176 seconds
backward took 17.114731311798096 seconds
backward took 16.759178400039673 seconds
backward took 16.727144479751587 seconds
backward took 16.18425440788269 seconds
backward took 16.481228828430176 seconds
backward took 16.63418698310852 seconds
backward took 16.570617198944092 seconds
backward took 16.243959426879883 seconds
backward took 15.91761302947998 seconds
backward took 15.977652072906494 seconds
backward took 15.932169437408447 seconds
backward took 16.00145196914673 seconds
backward took 16.324937343597412 seconds
backward took 16.32370352745056 seconds
backward took 16.582355260849 seconds
backward took 16.723047971725464 seconds
backward took 16.638391256332397 seconds
backward took 16.53286838531494 seconds
backward took 16.38153886795044 seconds
backward took 16.29088592529297 seconds
backward took 16.70180344581604 seconds
backward took 16.737157344818115 seconds
backward took 16.48319125175476 seconds
backward took 16.537850379943848 seconds
backward took 16.67981719970703 seconds
backward took 15.94668173789978 seconds
backward took 15.986763715744019 seconds
backward took 15.927626848220825 seconds
backward took 15.947284698486328 seconds
backward took 16.168287992477417 seconds
backward took 16.778645277023315 seconds
backward took 16.298596143722534 seconds
backward took 16.190626859664917 seconds
backward took 16.22134041786194 seconds
backward took 16.380640029907227 seconds
backward took 16.721774578094482 seconds
backward took 16.592660903930664 seconds
backward took 16.55786895751953 seconds
backward took 16.49164080619812 seconds
backward took 16.372567892074585 seconds
backward took 16.233389854431152 seconds
backward took 16.483583211898804 seconds
backward took 16.355687618255615 seconds
backward took 15.950002908706665 seconds
backward took 15.989652872085571 seconds
backward took 15.93838095664978 seconds
backward took 16.00914978981018 seconds
backward took 16.351650714874268 seconds
backward took 16.278466939926147 seconds
backward took 16.28329038619995 seconds
backward took 16.724628686904907 seconds
backward took 16.69838571548462 seconds
backward took 16.691536903381348 seconds
backward took 16.498880624771118 seconds
backward took 16.580021858215332 seconds
Tue Aug 29 03:17:12 2023 || Epoch:4 || Iter:200/757 || Loss:0.2052(0.4996) || Accuracy:0.9211(0.8700) || MetaAccuracy:0.6316(0.7670) || MetaLoss:0.8637(0.5395)
backward took 16.211119174957275 seconds
backward took 16.370041608810425 seconds
backward took 16.50898265838623 seconds
backward took 16.651726722717285 seconds
backward took 16.601152658462524 seconds
backward took 15.917709827423096 seconds
backward took 15.915143489837646 seconds
backward took 15.953880786895752 seconds
backward took 15.945831060409546 seconds
backward took 15.892165184020996 seconds
backward took 16.532984256744385 seconds
backward took 16.94637703895569 seconds
backward took 16.97130799293518 seconds
backward took 16.648215532302856 seconds
backward took 17.18458867073059 seconds
backward took 16.722322702407837 seconds
backward took 16.752629280090332 seconds
backward took 16.905238389968872 seconds
backward took 16.386309146881104 seconds
backward took 16.22306180000305 seconds
backward took 16.334750652313232 seconds
backward took 16.311501264572144 seconds
backward took 16.343689441680908 seconds
backward took 15.909257173538208 seconds
backward took 15.971948146820068 seconds
backward took 15.956749439239502 seconds
backward took 15.998786926269531 seconds
backward took 16.330057382583618 seconds
backward took 16.29453182220459 seconds
backward took 16.404826641082764 seconds
backward took 16.539282083511353 seconds
backward took 16.520297288894653 seconds
backward took 16.680336952209473 seconds
backward took 16.66064715385437 seconds
backward took 16.557223796844482 seconds
backward took 16.841125011444092 seconds
backward took 16.404892683029175 seconds
backward took 16.300552129745483 seconds
backward took 16.582738399505615 seconds
backward took 16.410728454589844 seconds
backward took 16.093819618225098 seconds
backward took 15.958585977554321 seconds
backward took 15.934377431869507 seconds
backward took 15.904693603515625 seconds
backward took 15.951189994812012 seconds
backward took 16.823155164718628 seconds
backward took 16.454094886779785 seconds
backward took 16.516817092895508 seconds
backward took 16.219661474227905 seconds
backward took 16.20204186439514 seconds
backward took 16.211127281188965 seconds
backward took 16.514193534851074 seconds
backward took 16.570332050323486 seconds
backward took 17.704719305038452 seconds
backward took 16.93106436729431 seconds
backward took 16.320926189422607 seconds
backward took 16.653650522232056 seconds
backward took 16.643535137176514 seconds
backward took 15.96934461593628 seconds
backward took 16.092304706573486 seconds
backward took 15.915559530258179 seconds
backward took 15.95053482055664 seconds
backward took 16.65827512741089 seconds
backward took 16.299609184265137 seconds
backward took 16.306058883666992 seconds
backward took 16.46177911758423 seconds
backward took 16.35783576965332 seconds
backward took 16.342079401016235 seconds
backward took 16.622010707855225 seconds
backward took 16.37135148048401 seconds
backward took 16.522289276123047 seconds
backward took 16.47978687286377 seconds
backward took 16.36168384552002 seconds
backward took 16.637182235717773 seconds
backward took 16.37346363067627 seconds
backward took 16.11902165412903 seconds
backward took 15.937468767166138 seconds
backward took 15.903555870056152 seconds
backward took 15.936373472213745 seconds
backward took 15.964486360549927 seconds
backward took 16.320122480392456 seconds
backward took 16.491291999816895 seconds
backward took 16.694039344787598 seconds
backward took 16.407393217086792 seconds
backward took 16.57533574104309 seconds
backward took 16.31270146369934 seconds
backward took 16.370815992355347 seconds
backward took 16.435823678970337 seconds
backward took 16.42416787147522 seconds
backward took 16.337122917175293 seconds
backward took 16.559171676635742 seconds
backward took 16.432167768478394 seconds
backward took 16.414116621017456 seconds
backward took 15.942309856414795 seconds
backward took 15.994960308074951 seconds
backward took 15.979158401489258 seconds
backward took 15.9225013256073 seconds
backward took 16.226825952529907 seconds
backward took 16.643388509750366 seconds
backward took 16.649384021759033 seconds
Tue Aug 29 03:45:57 2023 || Epoch:4 || Iter:300/757 || Loss:0.1380(0.4061) || Accuracy:1.0000(0.8952) || MetaAccuracy:0.7895(0.7391) || MetaLoss:0.8001(0.6431)
backward took 16.568803548812866 seconds
backward took 16.477238655090332 seconds
backward took 16.485474109649658 seconds
backward took 16.643222093582153 seconds
backward took 16.523109197616577 seconds
backward took 16.33541202545166 seconds
backward took 16.26942801475525 seconds
backward took 16.38900876045227 seconds
backward took 16.24075222015381 seconds
backward took 16.387773513793945 seconds
backward took 16.174782752990723 seconds
backward took 15.934314012527466 seconds
backward took 15.947596073150635 seconds
backward took 15.906067132949829 seconds
backward took 15.95337986946106 seconds
backward took 16.431864261627197 seconds
backward took 16.294883012771606 seconds
backward took 16.3696928024292 seconds
backward took 16.51568078994751 seconds
backward took 16.86337685585022 seconds
backward took 16.71770429611206 seconds
backward took 16.393228769302368 seconds
backward took 16.425811767578125 seconds
backward took 16.27457022666931 seconds
backward took 16.70605182647705 seconds
backward took 16.46871829032898 seconds
backward took 16.30301070213318 seconds
backward took 16.33925747871399 seconds
backward took 16.02553677558899 seconds
backward took 15.943557977676392 seconds
backward took 15.991038084030151 seconds
backward took 15.971253871917725 seconds
backward took 15.977616548538208 seconds
backward took 16.422032833099365 seconds
backward took 16.560717821121216 seconds
backward took 16.589524507522583 seconds
backward took 16.481355667114258 seconds
backward took 16.257225275039673 seconds
backward took 16.40410542488098 seconds
backward took 16.426151990890503 seconds
backward took 16.41404366493225 seconds
backward took 16.45100212097168 seconds
backward took 16.45133900642395 seconds
backward took 16.417141675949097 seconds
backward took 16.38590359687805 seconds
backward took 16.36909818649292 seconds
backward took 15.964529037475586 seconds
backward took 15.962428569793701 seconds
backward took 15.92290210723877 seconds
backward took 15.979928255081177 seconds
backward took 16.485157012939453 seconds
backward took 16.69443154335022 seconds
backward took 16.315350770950317 seconds
backward took 16.32859516143799 seconds
backward took 16.441532373428345 seconds
backward took 16.349959135055542 seconds
backward took 16.774946451187134 seconds
backward took 16.345011949539185 seconds
backward took 16.39585304260254 seconds
backward took 16.253516912460327 seconds
backward took 16.751524209976196 seconds
backward took 16.846243143081665 seconds
backward took 16.68908715248108 seconds
backward took 16.20347762107849 seconds
backward took 15.939267635345459 seconds
backward took 16.04049825668335 seconds
backward took 15.939608335494995 seconds
backward took 15.930880784988403 seconds
backward took 16.420156478881836 seconds
backward took 16.575920820236206 seconds
backward took 16.651951789855957 seconds
backward took 16.497069120407104 seconds
backward took 16.37749719619751 seconds
backward took 16.438023567199707 seconds
backward took 16.570054292678833 seconds
backward took 16.34381341934204 seconds
backward took 16.53756594657898 seconds
backward took 16.709995985031128 seconds
backward took 16.535131692886353 seconds
backward took 16.32937741279602 seconds
backward took 16.208869695663452 seconds
backward took 15.861595392227173 seconds
backward took 15.980072259902954 seconds
backward took 15.887129306793213 seconds
backward took 15.940730094909668 seconds
backward took 16.418937921524048 seconds
backward took 16.435179471969604 seconds
backward took 16.242193460464478 seconds
backward took 16.384652853012085 seconds
backward took 16.93494439125061 seconds
backward took 16.571119785308838 seconds
backward took 16.578684091567993 seconds
backward took 16.477314472198486 seconds
backward took 16.391245126724243 seconds
backward took 16.555602312088013 seconds
backward took 16.515560150146484 seconds
backward took 16.48865842819214 seconds
backward took 16.919305562973022 seconds
backward took 16.216614246368408 seconds
backward took 15.977345943450928 seconds
Tue Aug 29 04:14:42 2023 || Epoch:4 || Iter:400/757 || Loss:0.0297(0.3467) || Accuracy:1.0000(0.9108) || MetaAccuracy:0.6579(0.7335) || MetaLoss:1.3552(0.6852)
backward took 15.919723272323608 seconds
backward took 15.948259830474854 seconds
backward took 15.960553407669067 seconds
backward took 15.938596725463867 seconds
backward took 16.015183210372925 seconds
backward took 15.958422183990479 seconds
backward took 15.941936492919922 seconds
backward took 16.1028094291687 seconds
backward took 15.941375732421875 seconds
backward took 16.018054723739624 seconds
backward took 15.943819761276245 seconds
backward took 16.03608226776123 seconds
backward took 16.021383047103882 seconds
backward took 15.927145957946777 seconds
backward took 15.97879147529602 seconds
backward took 16.3628146648407 seconds
backward took 16.008083820343018 seconds
backward took 16.063211917877197 seconds
backward took 15.918588638305664 seconds
backward took 16.022823095321655 seconds
backward took 15.96045446395874 seconds
backward took 16.410616397857666 seconds
backward took 15.996511936187744 seconds
backward took 15.962285995483398 seconds
backward took 16.16013193130493 seconds
backward took 16.00492572784424 seconds
backward took 15.932910919189453 seconds
backward took 15.94961667060852 seconds
backward took 15.965189695358276 seconds
backward took 15.95207929611206 seconds
backward took 16.023109674453735 seconds
backward took 16.042660236358643 seconds
backward took 16.080655097961426 seconds
backward took 15.997649192810059 seconds
backward took 15.919756889343262 seconds
backward took 15.955001592636108 seconds
backward took 15.96430516242981 seconds
backward took 16.061636924743652 seconds
backward took 15.997835397720337 seconds
backward took 15.945407390594482 seconds
backward took 15.929888248443604 seconds
backward took 15.983708381652832 seconds
backward took 15.950848817825317 seconds
backward took 16.020777225494385 seconds
backward took 15.967164993286133 seconds
backward took 15.938839673995972 seconds
backward took 15.997400522232056 seconds
backward took 16.033451795578003 seconds
backward took 16.098320484161377 seconds
backward took 16.187408447265625 seconds
backward took 16.097405910491943 seconds
backward took 16.075722455978394 seconds
backward took 16.090137720108032 seconds
backward took 16.19685125350952 seconds
backward took 16.2547128200531 seconds
backward took 16.158753871917725 seconds
backward took 15.974430561065674 seconds
backward took 16.02937388420105 seconds
backward took 15.96475863456726 seconds
backward took 15.991580486297607 seconds
backward took 15.947216749191284 seconds
backward took 15.915831089019775 seconds
backward took 15.944542407989502 seconds
backward took 16.091386795043945 seconds
backward took 15.957194566726685 seconds
backward took 15.998044729232788 seconds
backward took 15.953959703445435 seconds
backward took 15.943174362182617 seconds
backward took 15.91868257522583 seconds
backward took 16.001452922821045 seconds
backward took 16.006346702575684 seconds
backward took 15.948766231536865 seconds
backward took 16.04975175857544 seconds
backward took 15.97460389137268 seconds
backward took 15.951429843902588 seconds
backward took 15.995012998580933 seconds
backward took 16.03511381149292 seconds
backward took 15.928093910217285 seconds
backward took 15.947571039199829 seconds
backward took 16.007732629776 seconds
backward took 16.060288906097412 seconds
backward took 16.022868156433105 seconds
backward took 16.71039056777954 seconds
backward took 15.973784923553467 seconds
backward took 16.026724338531494 seconds
backward took 16.162616729736328 seconds
backward took 15.941351413726807 seconds
backward took 15.965668439865112 seconds
backward took 15.99828290939331 seconds
backward took 15.986443042755127 seconds
backward took 15.99540376663208 seconds
backward took 15.918792486190796 seconds
backward took 16.13734197616577 seconds
backward took 16.11122226715088 seconds
backward took 16.011477947235107 seconds
backward took 16.012343883514404 seconds
backward took 16.027755975723267 seconds
backward took 16.10751175880432 seconds
backward took 16.233083248138428 seconds
backward took 16.619043588638306 seconds
Tue Aug 29 04:42:44 2023 || Epoch:4 || Iter:500/757 || Loss:0.1606(0.3098) || Accuracy:0.9737(0.9216) || MetaAccuracy:0.6579(0.7318) || MetaLoss:1.0179(0.7273)
backward took 16.0351402759552 seconds
backward took 16.060148239135742 seconds
backward took 15.924748420715332 seconds
backward took 15.918456554412842 seconds
backward took 15.977197408676147 seconds
backward took 15.98536205291748 seconds
backward took 16.330321073532104 seconds
backward took 16.89285159111023 seconds
backward took 16.29380178451538 seconds
backward took 16.463966369628906 seconds
backward took 16.69238018989563 seconds
backward took 16.08126926422119 seconds
backward took 16.048938274383545 seconds
backward took 16.263094663619995 seconds
backward took 16.548200845718384 seconds
backward took 16.623226165771484 seconds
backward took 17.090622901916504 seconds
backward took 16.374125719070435 seconds
backward took 15.978425025939941 seconds
backward took 15.971206903457642 seconds
backward took 15.940756559371948 seconds
backward took 16.009695291519165 seconds
backward took 16.688641786575317 seconds
backward took 16.431755304336548 seconds
backward took 16.293805599212646 seconds
backward took 16.230473041534424 seconds
backward took 16.222073078155518 seconds
backward took 16.352275371551514 seconds
backward took 16.633618593215942 seconds
backward took 16.451544284820557 seconds
backward took 16.455811262130737 seconds
backward took 16.793426513671875 seconds
backward took 16.464544773101807 seconds
backward took 16.61106562614441 seconds
backward took 16.207454681396484 seconds
backward took 15.93094778060913 seconds
backward took 15.947657108306885 seconds
backward took 15.939955949783325 seconds
backward took 15.992332696914673 seconds
backward took 16.418335676193237 seconds
backward took 16.258751153945923 seconds
backward took 16.687259197235107 seconds
backward took 16.70183515548706 seconds
backward took 16.451284170150757 seconds
backward took 16.394771099090576 seconds
backward took 16.283936262130737 seconds
backward took 16.446290969848633 seconds
backward took 16.317364931106567 seconds
backward took 16.631731510162354 seconds
backward took 16.69270157814026 seconds
backward took 16.403592348098755 seconds
backward took 16.353520393371582 seconds
backward took 16.015432119369507 seconds
backward took 15.973179578781128 seconds
backward took 16.008963346481323 seconds
backward took 15.955529928207397 seconds
backward took 15.94382619857788 seconds
backward took 16.701323747634888 seconds
backward took 17.09989356994629 seconds
backward took 16.91249179840088 seconds
backward took 16.41549062728882 seconds
backward took 16.33034896850586 seconds
backward took 16.457109928131104 seconds
backward took 16.824933290481567 seconds
backward took 16.607036113739014 seconds
backward took 16.556023597717285 seconds
backward took 16.74370241165161 seconds
backward took 16.73989248275757 seconds
backward took 16.558613777160645 seconds
backward took 16.266610622406006 seconds
backward took 15.971440315246582 seconds
backward took 15.96557903289795 seconds
backward took 15.937760591506958 seconds
backward took 15.946021795272827 seconds
backward took 16.67211413383484 seconds
backward took 16.277710437774658 seconds
backward took 16.359503269195557 seconds
backward took 16.22211718559265 seconds
backward took 16.68611764907837 seconds
backward took 16.625925540924072 seconds
backward took 16.835479021072388 seconds
backward took 16.33894371986389 seconds
backward took 16.257833242416382 seconds
backward took 16.362323760986328 seconds
backward took 16.44096064567566 seconds
backward took 16.603500843048096 seconds
backward took 17.045977354049683 seconds
backward took 16.088706493377686 seconds
backward took 15.949256181716919 seconds
backward took 16.002334356307983 seconds
backward took 15.946332931518555 seconds
backward took 15.900951862335205 seconds
backward took 16.36390495300293 seconds
backward took 16.452106475830078 seconds
backward took 16.440516233444214 seconds
backward took 16.198654890060425 seconds
backward took 16.313119649887085 seconds
backward took 16.332172632217407 seconds
backward took 16.286319971084595 seconds
backward took 16.728424549102783 seconds
Tue Aug 29 05:11:27 2023 || Epoch:4 || Iter:600/757 || Loss:0.0997(0.2885) || Accuracy:0.9737(0.9274) || MetaAccuracy:0.8421(0.7322) || MetaLoss:0.3840(0.7460)
backward took 16.78624153137207 seconds
backward took 16.752690315246582 seconds
backward took 16.550055027008057 seconds
backward took 16.526912927627563 seconds
backward took 16.24927592277527 seconds
backward took 15.952810764312744 seconds
backward took 16.048980951309204 seconds
backward took 15.968597888946533 seconds
backward took 15.940640926361084 seconds
backward took 16.509730100631714 seconds
backward took 16.485245943069458 seconds
backward took 16.31939387321472 seconds
backward took 16.443967819213867 seconds
backward took 16.36377191543579 seconds
backward took 16.48818325996399 seconds
backward took 16.573453664779663 seconds
backward took 16.40905237197876 seconds
backward took 16.395307064056396 seconds
backward took 16.3446786403656 seconds
backward took 16.497072458267212 seconds
backward took 16.412002563476562 seconds
backward took 16.33991265296936 seconds
backward took 16.067259311676025 seconds
backward took 15.895663261413574 seconds
backward took 16.066659688949585 seconds
backward took 15.981966733932495 seconds
backward took 15.952009677886963 seconds
backward took 16.371094465255737 seconds
backward took 16.358071088790894 seconds
backward took 16.58135962486267 seconds
backward took 17.330673694610596 seconds
backward took 16.473936080932617 seconds
backward took 16.408891916275024 seconds
backward took 16.658487558364868 seconds
backward took 16.81674575805664 seconds
backward took 16.41483974456787 seconds
backward took 16.415178775787354 seconds
backward took 16.634078979492188 seconds
backward took 16.536530017852783 seconds
backward took 16.212450742721558 seconds
backward took 15.908353090286255 seconds
backward took 15.98073434829712 seconds
backward took 15.988795518875122 seconds
backward took 15.990249872207642 seconds
backward took 16.59154462814331 seconds
backward took 16.534218072891235 seconds
backward took 16.369822025299072 seconds
backward took 16.376591205596924 seconds
backward took 16.59214210510254 seconds
backward took 16.526580572128296 seconds
backward took 16.49403142929077 seconds
backward took 16.53632688522339 seconds
backward took 16.303980350494385 seconds
backward took 16.495622873306274 seconds
backward took 16.587507724761963 seconds
backward took 16.63604760169983 seconds
backward took 16.336668491363525 seconds
backward took 16.13912272453308 seconds
backward took 15.89461064338684 seconds
backward took 16.046456813812256 seconds
backward took 15.93973970413208 seconds
backward took 15.929086923599243 seconds
backward took 16.21027135848999 seconds
backward took 16.39295768737793 seconds
backward took 16.508273363113403 seconds
backward took 16.380112886428833 seconds
backward took 16.40073323249817 seconds
backward took 16.456470251083374 seconds
backward took 16.680883646011353 seconds
backward took 16.34589982032776 seconds
backward took 16.456096172332764 seconds
backward took 16.795533657073975 seconds
backward took 16.578004837036133 seconds
backward took 16.52242684364319 seconds
backward took 16.254671335220337 seconds
backward took 15.97262692451477 seconds
backward took 15.924558877944946 seconds
backward took 15.941162347793579 seconds
backward took 16.008543968200684 seconds
backward took 16.49321436882019 seconds
backward took 16.397767543792725 seconds
backward took 16.27886986732483 seconds
backward took 16.329436540603638 seconds
backward took 16.61993718147278 seconds
backward took 16.543457984924316 seconds
backward took 16.532689094543457 seconds
backward took 16.54566240310669 seconds
backward took 16.386179447174072 seconds
backward took 16.293107748031616 seconds
backward took 16.590670347213745 seconds
backward took 16.410322666168213 seconds
backward took 16.463898420333862 seconds
backward took 16.09470224380493 seconds
backward took 15.936854362487793 seconds
backward took 16.01714563369751 seconds
backward took 16.013513326644897 seconds
backward took 15.969160079956055 seconds
backward took 16.350622177124023 seconds
backward took 16.516162633895874 seconds
backward took 16.533328771591187 seconds
Tue Aug 29 05:40:10 2023 || Epoch:4 || Iter:700/757 || Loss:0.4278(0.2777) || Accuracy:0.9474(0.9307) || MetaAccuracy:0.7105(0.7236) || MetaLoss:0.9070(0.7989)
backward took 16.46218705177307 seconds
backward took 16.299493074417114 seconds
backward took 16.23622155189514 seconds
backward took 16.32113242149353 seconds
backward took 16.40825843811035 seconds
backward took 16.3381609916687 seconds
backward took 16.58254599571228 seconds
backward took 16.30435824394226 seconds
backward took 16.372432708740234 seconds
backward took 16.361140251159668 seconds
backward took 15.944535255432129 seconds
backward took 15.938103437423706 seconds
backward took 15.95235276222229 seconds
backward took 15.929519414901733 seconds
backward took 16.270907163619995 seconds
backward took 16.64588499069214 seconds
backward took 16.578927993774414 seconds
backward took 16.26498007774353 seconds
backward took 16.245484590530396 seconds
backward took 16.726207494735718 seconds
backward took 16.8846116065979 seconds
backward took 16.328339099884033 seconds
backward took 16.438735485076904 seconds
backward took 16.576930284500122 seconds
backward took 16.58520531654358 seconds
backward took 16.319756031036377 seconds
backward took 16.38253426551819 seconds
backward took 16.08949065208435 seconds
backward took 16.48616623878479 seconds
backward took 15.954069137573242 seconds
backward took 15.91569209098816 seconds
backward took 15.960219621658325 seconds
backward took 16.42443084716797 seconds
backward took 16.475205898284912 seconds
backward took 16.459652185440063 seconds
backward took 16.616612672805786 seconds
backward took 16.503975868225098 seconds
backward took 16.63777780532837 seconds
backward took 16.531832933425903 seconds
backward took 16.372755527496338 seconds
backward took 16.432655096054077 seconds
backward took 16.35613703727722 seconds
backward took 16.266438484191895 seconds
backward took 16.41032361984253 seconds
backward took 16.392704725265503 seconds
backward took 16.001638412475586 seconds
backward took 15.914716005325317 seconds
backward took 15.988717555999756 seconds
backward took 15.986610651016235 seconds
backward took 15.975285291671753 seconds
backward took 16.381406784057617 seconds
backward took 16.40935516357422 seconds
backward took 16.376742601394653 seconds
backward took 16.42699909210205 seconds
backward took 16.380017042160034 seconds
backward took 16.305463314056396 seconds
backward took 15.286285638809204 seconds
84 th acces is not appended.
73 th acces is not appended.
73 th acces is not appended.
73 th acces is not appended.
73 th acces is not appended.
136 th acces is not appended.
df acc:0.89510,loss:0.337,auc:0.970,eer:0.083
f2f acc:0.698,loss:0.923,auc:0.790,eer:0.278
fs acc:0.915,loss:0.282,auc:0.990,eer:0.045
nt acc:0.659,loss:1.178,auc:0.736,eer:0.327
avg acc:0.792,loss:0.680,auc:0.871,eer:0.183
celedf acc:0.588,loss:1.371,auc:0.578,eer:0.442
dfdc acc:0.597,loss:1.615,auc:0.675,eer:0.363
all_avg acc:0.725,loss:0.951,auc:0.790,eer:0.256
best_avg_acc:0.79164 (updated) best_avg_loss:0.67992 (updated)
best_celedf_acc:0.62597 
best_celedf_loss:1.30300 
best_dfdc_acc:0.64724 
best_dfdc_loss:0.84729 
train dataset is:Deepfakes,Face2Face,meta dataset is:NeuralTextures
meta lr = 0.0001
backward took 15.92733645439148 seconds
Tue Aug 29 06:05:18 2023 || Epoch:5 || Iter:0/757 || Loss:0.4080(0.4080) || Accuracy:0.8684(0.8684) || MetaAccuracy:0.6316(0.6316) || MetaLoss:1.0763(1.0763)
backward took 15.969797134399414 seconds
backward took 15.907855987548828 seconds
backward took 16.026169061660767 seconds
backward took 16.33104968070984 seconds
backward took 16.728984355926514 seconds
backward took 16.61806583404541 seconds
backward took 16.302406072616577 seconds
backward took 16.144239902496338 seconds
backward took 16.380807876586914 seconds
backward took 16.251208305358887 seconds
backward took 16.383683681488037 seconds
backward took 16.353843450546265 seconds
backward took 16.41471242904663 seconds
backward took 16.47262692451477 seconds
backward took 16.457557439804077 seconds
backward took 16.447640419006348 seconds
backward took 16.113159894943237 seconds
backward took 15.928664207458496 seconds
backward took 15.937791347503662 seconds
backward took 15.967515468597412 seconds
backward took 16.00991463661194 seconds
backward took 16.314821004867554 seconds
backward took 16.312986373901367 seconds
backward took 16.780306100845337 seconds
backward took 16.496886491775513 seconds
backward took 16.46195888519287 seconds
backward took 16.246137380599976 seconds
backward took 16.440013647079468 seconds
backward took 16.472336769104004 seconds
backward took 16.337411403656006 seconds
backward took 16.22331213951111 seconds
backward took 16.368233680725098 seconds
backward took 16.53192377090454 seconds
backward took 16.460937976837158 seconds
backward took 15.9595468044281 seconds
backward took 15.939572095870972 seconds
backward took 16.01158857345581 seconds
backward took 15.964393377304077 seconds
backward took 15.983423948287964 seconds
backward took 16.787501335144043 seconds
backward took 16.60429835319519 seconds
backward took 16.27287244796753 seconds
backward took 16.374331951141357 seconds
backward took 16.424909830093384 seconds
backward took 16.625842809677124 seconds
backward took 16.610260486602783 seconds
backward took 16.504815816879272 seconds
backward took 16.260344743728638 seconds
backward took 16.442113637924194 seconds
backward took 16.22320532798767 seconds
backward took 16.324184894561768 seconds
backward took 16.29257893562317 seconds
backward took 15.925603151321411 seconds
backward took 15.961554050445557 seconds
backward took 15.935348510742188 seconds
backward took 15.959752559661865 seconds
backward took 16.3425235748291 seconds
backward took 16.285053730010986 seconds
backward took 16.338931560516357 seconds
backward took 16.52949571609497 seconds
backward took 16.559887409210205 seconds
backward took 16.455760955810547 seconds
backward took 16.294512271881104 seconds
backward took 16.232728958129883 seconds
backward took 16.476758003234863 seconds
backward took 16.569618225097656 seconds
backward took 16.34995698928833 seconds
backward took 16.2521653175354 seconds
backward took 16.41370463371277 seconds
backward took 16.046314477920532 seconds
backward took 15.93535852432251 seconds
backward took 15.907588243484497 seconds
backward took 16.1514675617218 seconds
backward took 15.932668685913086 seconds
backward took 16.40004587173462 seconds
backward took 16.489815711975098 seconds
backward took 16.282055616378784 seconds
backward took 16.359262228012085 seconds
backward took 16.339136362075806 seconds
backward took 16.461683988571167 seconds
backward took 16.32704448699951 seconds
backward took 16.47760009765625 seconds
backward took 16.368953227996826 seconds
backward took 16.43450903892517 seconds
backward took 16.568875789642334 seconds
backward took 16.279152393341064 seconds
backward took 16.16918683052063 seconds
backward took 15.970418691635132 seconds
backward took 15.958773374557495 seconds
backward took 15.973046779632568 seconds
backward took 15.922839641571045 seconds
backward took 15.960780382156372 seconds
backward took 16.061038970947266 seconds
backward took 15.997689485549927 seconds
backward took 15.985018014907837 seconds
backward took 16.008615493774414 seconds
backward took 15.96910309791565 seconds
backward took 16.017451524734497 seconds
backward took 15.976679801940918 seconds
backward took 16.035731315612793 seconds
Tue Aug 29 06:33:51 2023 || Epoch:5 || Iter:100/757 || Loss:0.2218(0.8074) || Accuracy:0.9474(0.8288) || MetaAccuracy:0.7895(0.7113) || MetaLoss:0.6623(1.0145)
backward took 16.193842887878418 seconds
backward took 15.967230319976807 seconds
backward took 15.992217302322388 seconds
backward took 16.003470182418823 seconds
backward took 15.981446743011475 seconds
backward took 16.015592336654663 seconds
backward took 15.957440376281738 seconds
backward took 15.931426525115967 seconds
backward took 15.928717613220215 seconds
backward took 15.95479154586792 seconds
backward took 16.084449768066406 seconds
backward took 15.956185340881348 seconds
backward took 15.974498271942139 seconds
backward took 15.928154468536377 seconds
backward took 16.025188446044922 seconds
backward took 15.915400743484497 seconds
backward took 15.92948603630066 seconds
backward took 15.931105852127075 seconds
backward took 15.946238994598389 seconds
backward took 15.958824396133423 seconds
backward took 15.966216802597046 seconds
backward took 15.92921757698059 seconds
backward took 15.970595598220825 seconds
backward took 16.037620306015015 seconds
backward took 15.951951265335083 seconds
backward took 15.937167167663574 seconds
backward took 15.942567825317383 seconds
backward took 16.000922203063965 seconds
backward took 16.101070642471313 seconds
backward took 15.94266414642334 seconds
backward took 15.918174982070923 seconds
backward took 15.976402044296265 seconds
backward took 15.929956197738647 seconds
backward took 15.937469720840454 seconds
backward took 15.93860411643982 seconds
backward took 16.069627285003662 seconds
backward took 15.991706132888794 seconds
backward took 15.972801685333252 seconds
backward took 15.949796676635742 seconds
backward took 15.942320108413696 seconds
backward took 15.873849868774414 seconds
backward took 15.884819030761719 seconds
backward took 15.985483646392822 seconds
backward took 16.063103437423706 seconds
backward took 16.098609447479248 seconds
backward took 15.98414921760559 seconds
backward took 15.982369422912598 seconds
backward took 15.946952104568481 seconds
backward took 15.969571113586426 seconds
backward took 15.954068899154663 seconds
backward took 15.98458480834961 seconds
backward took 15.964290142059326 seconds
backward took 15.941031694412231 seconds
backward took 15.911386013031006 seconds
backward took 15.976723194122314 seconds
backward took 15.962820053100586 seconds
backward took 16.17314577102661 seconds
backward took 15.943178415298462 seconds
backward took 15.951592683792114 seconds
backward took 15.964906692504883 seconds
backward took 15.925388813018799 seconds
backward took 15.934414386749268 seconds
backward took 15.939924716949463 seconds
backward took 16.08858299255371 seconds
backward took 16.020823001861572 seconds
backward took 15.983608961105347 seconds
backward took 16.087711095809937 seconds
backward took 16.07583451271057 seconds
backward took 16.00055956840515 seconds
backward took 15.976635932922363 seconds
backward took 15.91160774230957 seconds
backward took 16.056659936904907 seconds
backward took 15.963057518005371 seconds
backward took 16.091498374938965 seconds
backward took 15.96017599105835 seconds
backward took 15.965239524841309 seconds
backward took 15.999494791030884 seconds
backward took 15.963899374008179 seconds
backward took 16.022152185440063 seconds
backward took 15.998936176300049 seconds
backward took 15.998759984970093 seconds
backward took 16.003310441970825 seconds
backward took 15.955920696258545 seconds
backward took 16.028292655944824 seconds
backward took 16.142852306365967 seconds
backward took 16.244404554367065 seconds
backward took 16.857712268829346 seconds
backward took 16.584042072296143 seconds
backward took 16.3392550945282 seconds
backward took 16.402295112609863 seconds
backward took 16.3404700756073 seconds
backward took 16.7512366771698 seconds
backward took 16.543160915374756 seconds
backward took 16.367296934127808 seconds
backward took 16.457953929901123 seconds
backward took 16.329441785812378 seconds
backward took 16.419614791870117 seconds
backward took 16.365463256835938 seconds
backward took 15.977096319198608 seconds
backward took 16.025708436965942 seconds
Tue Aug 29 07:01:55 2023 || Epoch:5 || Iter:200/757 || Loss:0.2291(0.6165) || Accuracy:0.9211(0.8650) || MetaAccuracy:0.8158(0.7337) || MetaLoss:0.7127(0.8782)
backward took 15.926056861877441 seconds
backward took 15.974684715270996 seconds
backward took 16.548054218292236 seconds
backward took 16.510350704193115 seconds
backward took 16.2558012008667 seconds
backward took 16.287415981292725 seconds
backward took 16.703417539596558 seconds
backward took 16.387452840805054 seconds
backward took 16.52882981300354 seconds
backward took 16.428117752075195 seconds
backward took 16.426307201385498 seconds
backward took 16.32614541053772 seconds
backward took 16.57779550552368 seconds
backward took 16.533754587173462 seconds
backward took 16.30682063102722 seconds
backward took 16.095808267593384 seconds
backward took 15.91427993774414 seconds
backward took 15.957465887069702 seconds
backward took 15.994931697845459 seconds
backward took 15.984476327896118 seconds
backward took 16.277607440948486 seconds
backward took 16.522321701049805 seconds
backward took 16.55847692489624 seconds
backward took 16.338114738464355 seconds
backward took 16.256577730178833 seconds
backward took 16.29443860054016 seconds
backward took 16.358755826950073 seconds
backward took 16.25381898880005 seconds
backward took 16.37950897216797 seconds
backward took 16.497177839279175 seconds
backward took 16.325826168060303 seconds
backward took 16.410095930099487 seconds
backward took 16.402101039886475 seconds
backward took 15.959415912628174 seconds
backward took 15.982532024383545 seconds
backward took 15.93123173713684 seconds
backward took 15.956214427947998 seconds
backward took 17.18131709098816 seconds
backward took 16.543885707855225 seconds
backward took 17.03168535232544 seconds
backward took 16.642141103744507 seconds
backward took 16.635287761688232 seconds
backward took 16.76037311553955 seconds
backward took 16.52042269706726 seconds
backward took 16.376500368118286 seconds
backward took 16.41279911994934 seconds
backward took 16.5348801612854 seconds
backward took 16.399982690811157 seconds
backward took 16.4674870967865 seconds
backward took 16.43596887588501 seconds
backward took 15.960295915603638 seconds
backward took 15.95238447189331 seconds
backward took 15.950397729873657 seconds
backward took 15.937639951705933 seconds
backward took 15.957196235656738 seconds
backward took 16.391770839691162 seconds
backward took 16.753664255142212 seconds
backward took 16.435221195220947 seconds
backward took 16.353611946105957 seconds
backward took 16.33202624320984 seconds
backward took 16.388184309005737 seconds
backward took 16.38772225379944 seconds
backward took 16.24136447906494 seconds
backward took 16.367445945739746 seconds
backward took 16.30340051651001 seconds
backward took 16.54250454902649 seconds
backward took 16.212276458740234 seconds
backward took 16.258744478225708 seconds
backward took 16.054199934005737 seconds
backward took 15.926539421081543 seconds
backward took 15.934347867965698 seconds
backward took 16.01362133026123 seconds
backward took 16.552799224853516 seconds
backward took 16.434019565582275 seconds
backward took 16.261767387390137 seconds
backward took 16.48928189277649 seconds
backward took 16.436909437179565 seconds
backward took 16.33234930038452 seconds
backward took 16.36733055114746 seconds
backward took 16.241015672683716 seconds
backward took 16.31751036643982 seconds
backward took 16.36468505859375 seconds
backward took 16.32483220100403 seconds
backward took 16.262903213500977 seconds
backward took 16.468892335891724 seconds
backward took 16.13591718673706 seconds
backward took 15.966052770614624 seconds
backward took 16.00851535797119 seconds
backward took 15.951156854629517 seconds
backward took 16.051035404205322 seconds
backward took 16.293456315994263 seconds
backward took 16.28893780708313 seconds
backward took 16.570438623428345 seconds
backward took 16.68360924720764 seconds
backward took 16.52676558494568 seconds
backward took 16.381468772888184 seconds
backward took 16.529693365097046 seconds
backward took 16.312062978744507 seconds
backward took 16.454553842544556 seconds
backward took 16.55968952178955 seconds
Tue Aug 29 07:30:37 2023 || Epoch:5 || Iter:300/757 || Loss:0.3563(0.5276) || Accuracy:0.8947(0.8818) || MetaAccuracy:0.8684(0.7573) || MetaLoss:0.2879(0.7731)
backward took 16.51705527305603 seconds
backward took 16.398034811019897 seconds
backward took 16.45876145362854 seconds
backward took 15.99580192565918 seconds
backward took 15.994316577911377 seconds
backward took 15.9705810546875 seconds
backward took 16.03736400604248 seconds
backward took 16.290017127990723 seconds
backward took 16.610517740249634 seconds
backward took 16.467103242874146 seconds
backward took 16.30249547958374 seconds
backward took 16.253787755966187 seconds
backward took 16.499545097351074 seconds
backward took 16.352002382278442 seconds
backward took 16.346378087997437 seconds
backward took 16.339508056640625 seconds
backward took 16.412035942077637 seconds
backward took 16.250940084457397 seconds
backward took 16.38892102241516 seconds
backward took 16.297165393829346 seconds
backward took 16.097228527069092 seconds
backward took 15.931904315948486 seconds
backward took 15.934411525726318 seconds
backward took 15.976502418518066 seconds
backward took 16.080519676208496 seconds
backward took 16.20223093032837 seconds
backward took 16.230435371398926 seconds
backward took 16.25975203514099 seconds
backward took 16.423577547073364 seconds
backward took 16.442151308059692 seconds
backward took 16.32423996925354 seconds
backward took 16.49474334716797 seconds
backward took 16.45893406867981 seconds
backward took 16.553093194961548 seconds
backward took 16.377599239349365 seconds
backward took 16.414013862609863 seconds
backward took 16.37710428237915 seconds
backward took 16.38504719734192 seconds
backward took 16.108047008514404 seconds
backward took 15.95117449760437 seconds
backward took 16.040858507156372 seconds
backward took 15.983640432357788 seconds
backward took 15.948172092437744 seconds
backward took 16.503011465072632 seconds
backward took 16.628312349319458 seconds
backward took 16.532942533493042 seconds
backward took 16.40284490585327 seconds
backward took 16.40500259399414 seconds
backward took 16.585115909576416 seconds
backward took 16.56047773361206 seconds
backward took 16.461573600769043 seconds
backward took 16.631975173950195 seconds
backward took 16.573009252548218 seconds
backward took 16.446667194366455 seconds
backward took 16.44612407684326 seconds
backward took 16.18563938140869 seconds
backward took 15.968477725982666 seconds
backward took 16.046226501464844 seconds
backward took 16.0639488697052 seconds
backward took 15.999405860900879 seconds
backward took 16.306355953216553 seconds
backward took 16.18346071243286 seconds
backward took 16.255640029907227 seconds
backward took 16.4872567653656 seconds
backward took 16.52362084388733 seconds
backward took 16.309874057769775 seconds
backward took 16.405742645263672 seconds
backward took 16.31366229057312 seconds
backward took 16.643885374069214 seconds
backward took 16.38429617881775 seconds
backward took 16.57712411880493 seconds
backward took 16.56292152404785 seconds
backward took 16.28674054145813 seconds
backward took 16.113967895507812 seconds
backward took 15.980192184448242 seconds
backward took 15.94903016090393 seconds
backward took 15.940976619720459 seconds
backward took 15.940848350524902 seconds
backward took 16.37130856513977 seconds
backward took 16.654439210891724 seconds
backward took 16.681225538253784 seconds
backward took 16.326926469802856 seconds
backward took 16.198660373687744 seconds
backward took 16.257570505142212 seconds
backward took 16.330360174179077 seconds
backward took 16.426414489746094 seconds
backward took 16.280906677246094 seconds
backward took 16.521695852279663 seconds
backward took 16.535327911376953 seconds
backward took 16.488348960876465 seconds
backward took 16.453728437423706 seconds
backward took 15.916632175445557 seconds
backward took 15.932087421417236 seconds
backward took 15.974945068359375 seconds
backward took 15.975780963897705 seconds
backward took 16.52652335166931 seconds
backward took 16.524916648864746 seconds
backward took 16.43992304801941 seconds
backward took 16.316094636917114 seconds
backward took 16.47126603126526 seconds
Tue Aug 29 07:59:15 2023 || Epoch:5 || Iter:400/757 || Loss:0.1901(0.4646) || Accuracy:0.9474(0.8939) || MetaAccuracy:0.7368(0.7691) || MetaLoss:0.7596(0.7206)
backward took 16.45166015625 seconds
backward took 16.349703073501587 seconds
backward took 16.433289766311646 seconds
backward took 16.47394609451294 seconds
backward took 16.412084817886353 seconds
backward took 16.285658836364746 seconds
backward took 16.46098756790161 seconds
backward took 16.44000244140625 seconds
backward took 16.248648643493652 seconds
backward took 15.906282424926758 seconds
backward took 15.937742710113525 seconds
backward took 15.981276512145996 seconds
backward took 16.00828266143799 seconds
backward took 16.34228014945984 seconds
backward took 16.176308631896973 seconds
backward took 16.40596342086792 seconds
backward took 16.377018451690674 seconds
backward took 16.56108570098877 seconds
backward took 16.50250792503357 seconds
backward took 16.316015481948853 seconds
backward took 16.23165774345398 seconds
backward took 16.48055124282837 seconds
backward took 16.48533034324646 seconds
backward took 16.30270218849182 seconds
backward took 16.501524448394775 seconds
backward took 16.366219520568848 seconds
backward took 16.00945806503296 seconds
backward took 15.986448764801025 seconds
backward took 15.995342254638672 seconds
backward took 15.939691305160522 seconds
backward took 15.977330207824707 seconds
backward took 16.54489755630493 seconds
backward took 16.503559350967407 seconds
backward took 16.447810411453247 seconds
backward took 16.258054733276367 seconds
backward took 16.354729175567627 seconds
backward took 16.54330277442932 seconds
backward took 16.568718194961548 seconds
backward took 16.269421100616455 seconds
backward took 16.452799558639526 seconds
backward took 16.338451385498047 seconds
backward took 16.560256004333496 seconds
backward took 16.224104166030884 seconds
backward took 16.25776767730713 seconds
backward took 15.953209161758423 seconds
backward took 15.953559875488281 seconds
backward took 16.072330713272095 seconds
backward took 15.961198806762695 seconds
backward took 16.25826930999756 seconds
backward took 16.18950343132019 seconds
backward took 16.215091466903687 seconds
backward took 16.634182453155518 seconds
backward took 16.64273691177368 seconds
backward took 16.444135904312134 seconds
backward took 16.380191802978516 seconds
backward took 16.256702423095703 seconds
backward took 16.55684471130371 seconds
backward took 16.547933101654053 seconds
backward took 16.624892234802246 seconds
backward took 16.51871657371521 seconds
backward took 16.623992681503296 seconds
backward took 16.03408432006836 seconds
backward took 15.954705953598022 seconds
backward took 15.925119876861572 seconds
backward took 16.102896451950073 seconds
backward took 16.1730215549469 seconds
backward took 16.52796506881714 seconds
backward took 16.524801015853882 seconds
backward took 16.370874404907227 seconds
backward took 16.421432495117188 seconds
backward took 16.619250535964966 seconds
backward took 16.361531019210815 seconds
backward took 16.473379373550415 seconds
backward took 16.309050798416138 seconds
backward took 16.50448441505432 seconds
backward took 16.38946032524109 seconds
backward took 16.44049620628357 seconds
backward took 16.53140616416931 seconds
backward took 16.22692346572876 seconds
backward took 15.964740753173828 seconds
backward took 15.966747760772705 seconds
backward took 15.966440677642822 seconds
backward took 15.978419065475464 seconds
backward took 16.47884750366211 seconds
backward took 16.45615005493164 seconds
backward took 16.377206087112427 seconds
backward took 16.62144708633423 seconds
backward took 16.581191778182983 seconds
backward took 16.404266834259033 seconds
backward took 16.49808692932129 seconds
backward took 16.28880548477173 seconds
backward took 16.25092577934265 seconds
backward took 16.723548650741577 seconds
backward took 16.25022292137146 seconds
backward took 16.54020619392395 seconds
backward took 16.49403953552246 seconds
backward took 16.105597496032715 seconds
backward took 15.90718150138855 seconds
backward took 15.957338094711304 seconds
backward took 15.987445831298828 seconds
Tue Aug 29 08:27:54 2023 || Epoch:5 || Iter:500/757 || Loss:0.2469(0.4194) || Accuracy:0.9211(0.9035) || MetaAccuracy:0.6842(0.7782) || MetaLoss:0.8689(0.6783)
backward took 15.986016035079956 seconds
backward took 16.388771057128906 seconds
backward took 16.587152242660522 seconds
backward took 16.57339596748352 seconds
backward took 16.389084100723267 seconds
backward took 16.391590118408203 seconds
backward took 16.347554683685303 seconds
backward took 16.503806114196777 seconds
backward took 16.41945743560791 seconds
backward took 16.395467519760132 seconds
backward took 16.373907566070557 seconds
backward took 16.39339256286621 seconds
backward took 16.56056833267212 seconds
backward took 16.141473531723022 seconds
backward took 15.987334489822388 seconds
backward took 15.971920490264893 seconds
backward took 15.938457489013672 seconds
backward took 15.962602138519287 seconds
backward took 16.486286163330078 seconds
backward took 16.62232756614685 seconds
backward took 16.441786527633667 seconds
backward took 16.28188133239746 seconds
backward took 16.43632936477661 seconds
backward took 16.631993770599365 seconds
backward took 16.281493663787842 seconds
backward took 16.479896306991577 seconds
backward took 16.478423833847046 seconds
backward took 16.321204662322998 seconds
backward took 16.272665977478027 seconds
backward took 16.46683406829834 seconds
backward took 16.16654944419861 seconds
backward took 16.04851245880127 seconds
backward took 15.960148811340332 seconds
backward took 15.992599964141846 seconds
backward took 15.927262783050537 seconds
backward took 16.008002519607544 seconds
backward took 16.21074891090393 seconds
backward took 15.983689785003662 seconds
backward took 15.957663297653198 seconds
backward took 15.94363808631897 seconds
backward took 15.985993146896362 seconds
backward took 15.954161167144775 seconds
backward took 15.982963800430298 seconds
backward took 16.06059765815735 seconds
backward took 15.913670539855957 seconds
backward took 15.919883489608765 seconds
backward took 16.013940572738647 seconds
backward took 16.079193592071533 seconds
backward took 16.15891671180725 seconds
backward took 15.96330714225769 seconds
backward took 15.970616817474365 seconds
backward took 16.010865926742554 seconds
backward took 15.961204290390015 seconds
backward took 15.972763776779175 seconds
backward took 16.105374336242676 seconds
backward took 16.008439540863037 seconds
backward took 16.317980766296387 seconds
backward took 16.14522671699524 seconds
backward took 16.172565937042236 seconds
backward took 15.952797412872314 seconds
backward took 15.97614860534668 seconds
backward took 15.991239070892334 seconds
backward took 16.16754961013794 seconds
backward took 16.07118844985962 seconds
backward took 16.05347514152527 seconds
backward took 15.9725661277771 seconds
backward took 15.999031782150269 seconds
backward took 16.01567769050598 seconds
backward took 16.13535499572754 seconds
backward took 16.000248670578003 seconds
backward took 15.9414803981781 seconds
backward took 15.960374116897583 seconds
backward took 16.04835271835327 seconds
backward took 15.995306730270386 seconds
backward took 15.98194146156311 seconds
backward took 15.94778847694397 seconds
backward took 16.070645093917847 seconds
backward took 15.897249937057495 seconds
backward took 16.116961240768433 seconds
backward took 16.185686826705933 seconds
backward took 16.078701496124268 seconds