Loaded pretrained weights for efficientnet-b4
resume model from /data1/chenjin/LTW/result/output_c23_GCD_ablation/c23_efficientnet-b4_224_0.01_1_train_1_EPOCH/efficientnet-b4_pnet_lastepoch.pth
resume model from /data1/chenjin/LTW/result/output_c23_GCD_ablation/c23_efficientnet-b4_224_0.01_1_train_1_EPOCH/efficientnet-b4_lastepoch.pth
train dataset is:FaceSwap,Deepfakes,meta dataset is:Face2Face
GID-NT23
Mon Aug 28 10:19:45 2023 || Epoch:0 || Iter:0/757 || Loss:0.9208(0.9208) || Accuracy:0.7368(0.7368) || MetaAccuracy:0.5789(0.5789) || MetaLoss:1.1897(1.1897)
Mon Aug 28 10:48:22 2023 || Epoch:0 || Iter:100/757 || Loss:0.2183(0.3502) || Accuracy:0.9474(0.9239) || MetaAccuracy:0.6053(0.6217) || MetaLoss:1.1162(1.2789)
Mon Aug 28 11:17:03 2023 || Epoch:0 || Iter:200/757 || Loss:0.4475(0.3196) || Accuracy:0.8421(0.9245) || MetaAccuracy:0.6053(0.6024) || MetaLoss:0.9505(1.2720)
Mon Aug 28 11:45:39 2023 || Epoch:0 || Iter:300/757 || Loss:0.2694(0.2819) || Accuracy:0.9474(0.9339) || MetaAccuracy:0.6842(0.6068) || MetaLoss:1.2513(1.3731)
Mon Aug 28 12:14:18 2023 || Epoch:0 || Iter:400/757 || Loss:0.4696(0.2584) || Accuracy:0.8947(0.9395) || MetaAccuracy:0.6579(0.6157) || MetaLoss:1.1149(1.3787)
Mon Aug 28 12:42:35 2023 || Epoch:0 || Iter:500/757 || Loss:0.0447(0.2353) || Accuracy:1.0000(0.9452) || MetaAccuracy:0.6579(0.6217) || MetaLoss:0.7445(1.3528)
Mon Aug 28 13:10:31 2023 || Epoch:0 || Iter:600/757 || Loss:0.1788(0.2316) || Accuracy:0.9474(0.9458) || MetaAccuracy:0.7368(0.6284) || MetaLoss:1.3414(1.3560)
Mon Aug 28 13:38:48 2023 || Epoch:0 || Iter:700/757 || Loss:0.2302(0.2241) || Accuracy:0.9737(0.9475) || MetaAccuracy:0.6842(0.6379) || MetaLoss:0.7398(1.3221)
df acc:0.96972,loss:0.110,auc:0.992,eer:0.032
f2f acc:0.584,loss:1.527,auc:0.780,eer:0.290
fs acc:0.951,loss:0.163,auc:0.984,eer:0.049
nt acc:0.597,loss:1.721,auc:0.723,eer:0.346
avg acc:0.775,loss:0.881,auc:0.870,eer:0.179
celedf acc:0.623,loss:1.760,auc:0.584,eer:0.431
dfdc acc:0.557,loss:2.379,auc:0.688,eer:0.361
all_avg acc:0.714,loss:1.277,auc:0.792,eer:0.251
best_avg_acc:0.77541 (updated) best_avg_loss:0.88054 (updated)
best_celedf_acc:0.62345 (updated) best_celedf_loss:1.76047 (updated)
best_dfdc_acc:0.55702 (updated) best_dfdc_loss:2.37917 (updated)

train dataset is:NeuralTextures,Deepfakes,meta dataset is:FaceSwap
GID-F2F23
Mon Aug 28 14:12:27 2023 || Epoch:1 || Iter:0/757 || Loss:1.2896(1.2896) || Accuracy:0.7368(0.7368) || MetaAccuracy:0.9211(0.9211) || MetaLoss:0.1307(0.1307)
Mon Aug 28 14:41:01 2023 || Epoch:1 || Iter:100/757 || Loss:0.8802(0.9026) || Accuracy:0.6842(0.7613) || MetaAccuracy:0.6316(0.7840) || MetaLoss:0.8608(0.5755)
Mon Aug 28 15:09:33 2023 || Epoch:1 || Iter:200/757 || Loss:0.4917(0.7417) || Accuracy:0.8684(0.7968) || MetaAccuracy:0.4737(0.6730) || MetaLoss:1.6501(0.8535)
Mon Aug 28 15:38:02 2023 || Epoch:1 || Iter:300/757 || Loss:0.6289(0.6814) || Accuracy:0.8684(0.8188) || MetaAccuracy:0.5789(0.6292) || MetaLoss:1.2554(1.0963)
Mon Aug 28 16:06:39 2023 || Epoch:1 || Iter:400/757 || Loss:0.3215(0.6301) || Accuracy:0.8947(0.8325) || MetaAccuracy:0.6053(0.6223) || MetaLoss:1.0099(1.1253)
Mon Aug 28 16:35:13 2023 || Epoch:1 || Iter:500/757 || Loss:0.1385(0.5950) || Accuracy:0.9211(0.8415) || MetaAccuracy:0.7105(0.6261) || MetaLoss:1.1527(1.1355)
Mon Aug 28 17:03:54 2023 || Epoch:1 || Iter:600/757 || Loss:0.4944(0.5911) || Accuracy:0.8158(0.8435) || MetaAccuracy:0.5789(0.6261) || MetaLoss:1.2146(1.1526)
Mon Aug 28 17:32:43 2023 || Epoch:1 || Iter:700/757 || Loss:0.4965(0.6145) || Accuracy:0.7895(0.8355) || MetaAccuracy:0.3421(0.6077) || MetaLoss:1.2983(1.1831)
df acc:0.83670,loss:0.428,auc:0.967,eer:0.091
f2f acc:0.642,loss:0.880,auc:0.698,eer:0.353
fs acc:0.536,loss:1.315,auc:0.561,eer:0.458
nt acc:0.796,loss:0.524,auc:0.893,eer:0.184
avg acc:0.703,loss:0.787,auc:0.780,eer:0.271
celedf acc:0.493,loss:1.366,auc:0.544,eer:0.476
dfdc acc:0.613,loss:1.012,auc:0.654,eer:0.391
all_avg acc:0.653,loss:0.921,auc:0.719,eer:0.325
best_avg_acc:0.77541 
best_avg_loss:0.78677 (updated)
best_celedf_acc:0.62345 
best_celedf_loss:1.36591 (updated)
best_dfdc_acc:0.61310 (updated) best_dfdc_loss:1.01246 (updated)

train dataset is:Face2Face,FaceSwap,meta dataset is:NeuralTextures
GID-DF23
Mon Aug 28 18:24:06 2023 || Epoch:2 || Iter:0/757 || Loss:1.5531(1.5531) || Accuracy:0.5789(0.5789) || MetaAccuracy:0.8684(0.8684) || MetaLoss:0.2600(0.2600)
Mon Aug 28 18:52:14 2023 || Epoch:2 || Iter:100/757 || Loss:0.7368(0.9566) || Accuracy:0.8158(0.7215) || MetaAccuracy:0.8421(0.7710) || MetaLoss:0.4724(0.4924)
Mon Aug 28 19:21:13 2023 || Epoch:2 || Iter:200/757 || Loss:0.4469(0.7688) || Accuracy:0.8684(0.7794) || MetaAccuracy:0.5263(0.7103) || MetaLoss:1.6037(0.6440)
Mon Aug 28 19:50:07 2023 || Epoch:2 || Iter:300/757 || Loss:0.2549(0.6328) || Accuracy:0.9474(0.8225) || MetaAccuracy:0.5263(0.6874) || MetaLoss:1.6162(0.8044)
Mon Aug 28 20:19:12 2023 || Epoch:2 || Iter:400/757 || Loss:0.3026(0.5767) || Accuracy:0.8947(0.8410) || MetaAccuracy:0.3947(0.6527) || MetaLoss:1.9987(1.0175)
Mon Aug 28 20:48:07 2023 || Epoch:2 || Iter:500/757 || Loss:0.0901(0.5443) || Accuracy:1.0000(0.8488) || MetaAccuracy:0.6316(0.6314) || MetaLoss:1.5603(1.1789)
Mon Aug 28 21:16:59 2023 || Epoch:2 || Iter:600/757 || Loss:0.4210(0.5062) || Accuracy:0.9474(0.8606) || MetaAccuracy:0.5263(0.6191) || MetaLoss:1.7687(1.2908)
Mon Aug 28 21:45:40 2023 || Epoch:2 || Iter:700/757 || Loss:0.4733(0.4768) || Accuracy:0.8684(0.8704) || MetaAccuracy:0.6316(0.6160) || MetaLoss:1.0746(1.3555)
df acc:0.67664,loss:1.325,auc:0.725,eer:0.336
f2f acc:0.765,loss:1.119,auc:0.930,eer:0.145
fs acc:0.776,loss:1.081,auc:0.987,eer:0.049
nt acc:0.456,loss:2.060,auc:0.462,eer:0.536
avg acc:0.669,loss:1.396,auc:0.776,eer:0.267
celedf acc:0.626,loss:1.700,auc:0.498,eer:0.500
dfdc acc:0.504,loss:2.246,auc:0.550,eer:0.465
all_avg acc:0.634,loss:1.589,auc:0.692,eer:0.339
best_avg_acc:0.77541 
best_avg_loss:0.78677 
best_celedf_acc:0.62597 (updated) best_celedf_loss:1.36591 
best_dfdc_acc:0.61310 
best_dfdc_loss:1.01246 

train dataset is:NeuralTextures,Deepfakes,meta dataset is:FaceSwap
GID-F2F23
Mon Aug 28 22:24:31 2023 || Epoch:3 || Iter:0/757 || Loss:3.6018(3.6018) || Accuracy:0.4211(0.4211) || MetaAccuracy:1.0000(1.0000) || MetaLoss:0.0382(0.0382)
Mon Aug 28 22:53:12 2023 || Epoch:3 || Iter:100/757 || Loss:0.6116(0.9499) || Accuracy:0.8684(0.7848) || MetaAccuracy:0.4474(0.8046) || MetaLoss:1.8061(0.5228)
Mon Aug 28 23:21:53 2023 || Epoch:3 || Iter:200/757 || Loss:1.0193(0.7384) || Accuracy:0.7105(0.8166) || MetaAccuracy:0.4737(0.6510) || MetaLoss:1.5331(1.1099)
Mon Aug 28 23:50:33 2023 || Epoch:3 || Iter:300/757 || Loss:0.2367(0.6513) || Accuracy:0.9737(0.8350) || MetaAccuracy:0.3947(0.5854) || MetaLoss:2.0120(1.3206)
Tue Aug 29 00:19:22 2023 || Epoch:3 || Iter:400/757 || Loss:0.6244(0.5741) || Accuracy:0.8947(0.8539) || MetaAccuracy:0.5000(0.5701) || MetaLoss:1.3798(1.3293)
Tue Aug 29 00:48:23 2023 || Epoch:3 || Iter:500/757 || Loss:0.2812(0.5640) || Accuracy:0.9211(0.8572) || MetaAccuracy:0.5789(0.5669) || MetaLoss:3.5537(1.3711)
Tue Aug 29 01:17:21 2023 || Epoch:3 || Iter:600/757 || Loss:0.3295(0.5315) || Accuracy:0.8947(0.8644) || MetaAccuracy:0.6053(0.5749) || MetaLoss:1.3985(1.3217)
Tue Aug 29 01:45:41 2023 || Epoch:3 || Iter:700/757 || Loss:0.2767(0.5044) || Accuracy:0.9211(0.8713) || MetaAccuracy:0.7105(0.5813) || MetaLoss:1.0590(1.2954)
df acc:0.91312,loss:0.234,auc:0.987,eer:0.058
f2f acc:0.711,loss:0.699,auc:0.825,eer:0.252
fs acc:0.534,loss:1.461,auc:0.609,eer:0.421
nt acc:0.873,loss:0.343,auc:0.949,eer:0.120
avg acc:0.758,loss:0.684,auc:0.842,eer:0.213
celedf acc:0.527,loss:1.303,auc:0.566,eer:0.454
dfdc acc:0.647,loss:0.847,auc:0.704,eer:0.349
all_avg acc:0.701,loss:0.815,auc:0.773,eer:0.276
best_avg_acc:0.77541 
best_avg_loss:0.68433 (updated)
best_celedf_acc:0.62597 
best_celedf_loss:1.30300 (updated)
best_dfdc_acc:0.64724 (updated) best_dfdc_loss:0.84729 (updated)

train dataset is:FaceSwap,Deepfakes,meta dataset is:NeuralTextures
GID-F2F23
Tue Aug 29 02:20:06 2023 || Epoch:4 || Iter:0/757 || Loss:1.7251(1.7251) || Accuracy:0.6842(0.6842) || MetaAccuracy:0.8158(0.8158) || MetaLoss:0.6581(0.6581)
Tue Aug 29 02:48:27 2023 || Epoch:4 || Iter:100/757 || Loss:0.2295(0.6639) || Accuracy:0.9737(0.8312) || MetaAccuracy:0.6579(0.8241) || MetaLoss:0.6455(0.3947)
Tue Aug 29 03:17:12 2023 || Epoch:4 || Iter:200/757 || Loss:0.2052(0.4996) || Accuracy:0.9211(0.8700) || MetaAccuracy:0.6316(0.7670) || MetaLoss:0.8637(0.5395)
Tue Aug 29 03:45:57 2023 || Epoch:4 || Iter:300/757 || Loss:0.1380(0.4061) || Accuracy:1.0000(0.8952) || MetaAccuracy:0.7895(0.7391) || MetaLoss:0.8001(0.6431)
Tue Aug 29 04:14:42 2023 || Epoch:4 || Iter:400/757 || Loss:0.0297(0.3467) || Accuracy:1.0000(0.9108) || MetaAccuracy:0.6579(0.7335) || MetaLoss:1.3552(0.6852)
Tue Aug 29 04:42:44 2023 || Epoch:4 || Iter:500/757 || Loss:0.1606(0.3098) || Accuracy:0.9737(0.9216) || MetaAccuracy:0.6579(0.7318) || MetaLoss:1.0179(0.7273)
Tue Aug 29 05:11:27 2023 || Epoch:4 || Iter:600/757 || Loss:0.0997(0.2885) || Accuracy:0.9737(0.9274) || MetaAccuracy:0.8421(0.7322) || MetaLoss:0.3840(0.7460)
Tue Aug 29 05:40:10 2023 || Epoch:4 || Iter:700/757 || Loss:0.4278(0.2777) || Accuracy:0.9474(0.9307) || MetaAccuracy:0.7105(0.7236) || MetaLoss:0.9070(0.7989)
df acc:0.89510,loss:0.337,auc:0.970,eer:0.083
f2f acc:0.698,loss:0.923,auc:0.790,eer:0.278
fs acc:0.915,loss:0.282,auc:0.990,eer:0.045
nt acc:0.659,loss:1.178,auc:0.736,eer:0.327
avg acc:0.792,loss:0.680,auc:0.871,eer:0.183
celedf acc:0.588,loss:1.371,auc:0.578,eer:0.442
dfdc acc:0.597,loss:1.615,auc:0.675,eer:0.363
all_avg acc:0.725,loss:0.951,auc:0.790,eer:0.256
best_avg_acc:0.79164 (updated) best_avg_loss:0.67992 (updated)
best_celedf_acc:0.62597 
best_celedf_loss:1.30300 
best_dfdc_acc:0.64724 
best_dfdc_loss:0.84729 

train dataset is:Deepfakes,Face2Face,meta dataset is:NeuralTextures
GID-FS23
Tue Aug 29 06:05:18 2023 || Epoch:5 || Iter:0/757 || Loss:0.4080(0.4080) || Accuracy:0.8684(0.8684) || MetaAccuracy:0.6316(0.6316) || MetaLoss:1.0763(1.0763)
Tue Aug 29 06:33:51 2023 || Epoch:5 || Iter:100/757 || Loss:0.2218(0.8074) || Accuracy:0.9474(0.8288) || MetaAccuracy:0.7895(0.7113) || MetaLoss:0.6623(1.0145)
Tue Aug 29 07:01:55 2023 || Epoch:5 || Iter:200/757 || Loss:0.2291(0.6165) || Accuracy:0.9211(0.8650) || MetaAccuracy:0.8158(0.7337) || MetaLoss:0.7127(0.8782)
Tue Aug 29 07:30:37 2023 || Epoch:5 || Iter:300/757 || Loss:0.3563(0.5276) || Accuracy:0.8947(0.8818) || MetaAccuracy:0.8684(0.7573) || MetaLoss:0.2879(0.7731)
Tue Aug 29 07:59:15 2023 || Epoch:5 || Iter:400/757 || Loss:0.1901(0.4646) || Accuracy:0.9474(0.8939) || MetaAccuracy:0.7368(0.7691) || MetaLoss:0.7596(0.7206)
Tue Aug 29 08:27:54 2023 || Epoch:5 || Iter:500/757 || Loss:0.2469(0.4194) || Accuracy:0.9211(0.9035) || MetaAccuracy:0.6842(0.7782) || MetaLoss:0.8689(0.6783)
Tue Aug 29 08:56:14 2023 || Epoch:5 || Iter:600/757 || Loss:0.1660(0.3867) || Accuracy:0.9737(0.9100) || MetaAccuracy:0.9211(0.7836) || MetaLoss:0.2616(0.6546)
Tue Aug 29 09:24:30 2023 || Epoch:5 || Iter:700/757 || Loss:0.0768(0.3636) || Accuracy:0.9737(0.9149) || MetaAccuracy:0.7368(0.7872) || MetaLoss:0.6916(0.6341

df acc:0.89149,loss:0.271,auc:0.993,eer:0.046
f2f acc:0.880,loss:0.308,auc:0.971,eer:0.088
fs acc:0.888,loss:0.285,auc:0.988,eer:0.051
nt acc:0.775,loss:0.605,auc:0.857,eer:0.222
avg acc:0.859,loss:0.367,auc:0.952,eer:0.102
celedf acc:0.527,loss:1.526,auc:0.585,eer:0.429
dfdc acc:0.666,loss:1.006,auc:0.730,eer:0.329
all_avg acc:0.771,loss:0.667,auc:0.854,eer:0.194
best_avg_acc:0.85851 (updated) best_avg_loss:0.36716 (updated)
best_celedf_acc:0.62597 
best_celedf_loss:1.30300 
best_dfdc_acc:0.66604 (updated) best_dfdc_loss:0.84729 


train dataset is:NeuralTextures,FaceSwap,meta dataset is:Face2Face
meta lr = 0.0001