save dir :result/output_c23_GCD_ablation/c23_efficientnet-b4_224_0.01_1_train
Loaded pretrained weights for efficientnet-b4
No model found, initializing random model.
No fnet_model found, initializing random model.
train dataset is:FaceSwap,Deepfakes,meta dataset is:Face2Face
/home/user/anaconda3/lib/python3.7/site-packages/torch/nn/_reduction.py:44: UserWarning: size_average and reduce args will be deprecated, please use reduction='none' instead.
  warnings.warn(warning.format(ret))
meta lr = 0.001
/data1/chenjin/LTW/network/meta_efficientnet/meta.py:60: UserWarning: This overload of add_ is deprecated:
        add_(Number alpha, Tensor other)
Consider using one of the following signatures instead:
        add_(Tensor other, *, Number alpha) (Triggered internally at  /pytorch/torch/csrc/utils/python_arg_parser.cpp:882.)
  gradVal.add_(weight_decay, param_t)
Sun Aug 27 14:46:28 2023 || Epoch:0 || Iter:0/757 || Loss:1.0460(1.0460) || Accuracy:0.6053(0.6053) || MetaAccuracy:0.2895(0.2895) || MetaLoss:0.7480(0.7480)
Sun Aug 27 15:01:23 2023 || Epoch:0 || Iter:100/757 || Loss:0.3833(0.6827) || Accuracy:0.8947(0.7929) || MetaAccuracy:0.5789(0.5250) || MetaLoss:1.0419(1.0499)
Sun Aug 27 15:16:19 2023 || Epoch:0 || Iter:200/757 || Loss:0.5287(0.5661) || Accuracy:0.8421(0.8426) || MetaAccuracy:0.6579(0.5810) || MetaLoss:3.6395(1.0649)
Sun Aug 27 15:32:19 2023 || Epoch:0 || Iter:300/757 || Loss:0.1150(0.5008) || Accuracy:0.9737(0.8660) || MetaAccuracy:0.6053(0.5961) || MetaLoss:1.9792(1.1158)
Sun Aug 27 15:49:20 2023 || Epoch:0 || Iter:400/757 || Loss:0.2990(0.4583) || Accuracy:0.9474(0.8797) || MetaAccuracy:0.6316(0.6063) || MetaLoss:3.8369(1.1499)
Sun Aug 27 16:07:17 2023 || Epoch:0 || Iter:500/757 || Loss:0.2617(0.4231) || Accuracy:0.9474(0.8910) || MetaAccuracy:0.6316(0.6128) || MetaLoss:0.9903(1.1925)
Sun Aug 27 16:25:08 2023 || Epoch:0 || Iter:600/757 || Loss:0.0390(0.4090) || Accuracy:1.0000(0.8967) || MetaAccuracy:0.6316(0.6132) || MetaLoss:1.2380(1.1999)
Sun Aug 27 16:42:49 2023 || Epoch:0 || Iter:700/757 || Loss:0.1063(0.3892) || Accuracy:0.9737(0.9021) || MetaAccuracy:0.6053(0.6153) || MetaLoss:1.2134(1.2480)
 99%|█████████████████████████████████████████████████████████████████████████████████████████████████████████████████████████████████████████████████████████████████████████████████████████████▋  | 84/85 [00:19<00:00,  4.86it/s]84 th acces is not appended.
100%|████████████████████████████████████████████████████████████████████████████████████████████████████████████████████████████████████████████████████████████████████████████████████████████████| 85/85 [00:19<00:00,  4.28it/s]
 99%|█████████████████████████████████████████████████████████████████████████████████████████████████████████████████████████████████████████████████████████████████████████████████████████████▍  | 73/74 [00:16<00:00,  5.33it/s]73 th acces is not appended.
100%|████████████████████████████████████████████████████████████████████████████████████████████████████████████████████████████████████████████████████████████████████████████████████████████████| 74/74 [00:17<00:00,  4.29it/s]
 99%|█████████████████████████████████████████████████████████████████████████████████████████████████████████████████████████████████████████████████████████████████████████████████████████████▍  | 73/74 [00:15<00:00,  6.46it/s]73 th acces is not appended.
100%|████████████████████████████████████████████████████████████████████████████████████████████████████████████████████████████████████████████████████████████████████████████████████████████████| 74/74 [00:15<00:00,  4.71it/s]
 99%|█████████████████████████████████████████████████████████████████████████████████████████████████████████████████████████████████████████████████████████████████████████████████████████████▍  | 73/74 [00:14<00:00,  6.19it/s]73 th acces is not appended.
100%|████████████████████████████████████████████████████████████████████████████████████████████████████████████████████████████████████████████████████████████████████████████████████████████████| 74/74 [00:15<00:00,  4.87it/s]
 99%|█████████████████████████████████████████████████████████████████████████████████████████████████████████████████████████████████████████████████████████████████████████████████████████████▍  | 73/74 [00:16<00:00,  7.02it/s]73 th acces is not appended.
100%|████████████████████████████████████████████████████████████████████████████████████████████████████████████████████████████████████████████████████████████████████████████████████████████████| 74/74 [00:17<00:00,  4.31it/s]
 99%|████████████████████████████████████████████████████████████████████████████████████████████████████████████████████████████████████████████████████████████████████████████████████████████▌ | 136/137 [04:10<00:00,  1.35it/s]136 th acces is not appended.
100%|██████████████████████████████████████████████████████████████████████████████████████████████████████████████████████████████████████████████████████████████████████████████████████████████| 137/137 [04:18<00:00,  1.89s/it]
df acc:0.68998,loss:1.210,auc:0.956,eer:0.106
f2f acc:0.574,loss:1.461,auc:0.584,eer:0.457
fs acc:0.698,loss:1.190,auc:0.982,eer:0.065
nt acc:0.510,loss:1.591,auc:0.502,eer:0.505
avg acc:0.618,loss:1.363,auc:0.756,eer:0.283
celedf acc:0.527,loss:1.420,auc:0.552,eer:0.453
dfdc acc:0.607,loss:1.121,auc:0.649,eer:0.396
all_avg acc:0.601,loss:1.332,auc:0.704,eer:0.330
best_avg_acc:0.61824 (updated) best_avg_loss:1.36311 (updated)
best_celedf_acc:0.52670 (updated) best_celedf_loss:1.41986 (updated)
best_dfdc_acc:0.60746 (updated) best_dfdc_loss:1.12057 (updated)
train dataset is:NeuralTextures,Deepfakes,meta dataset is:FaceSwap
meta lr = 0.001
Sun Aug 27 17:03:01 2023 || Epoch:1 || Iter:0/757 || Loss:1.0864(1.0864) || Accuracy:0.8158(0.8158) || MetaAccuracy:0.9737(0.9737) || MetaLoss:0.0489(0.0489)
Sun Aug 27 17:20:38 2023 || Epoch:1 || Iter:100/757 || Loss:0.4514(0.5766) || Accuracy:0.9211(0.8538) || MetaAccuracy:0.5000(0.5320) || MetaLoss:1.3487(1.3589)